[0.141s] DEBUG:colcon:Command line arguments: ['/usr/bin/colcon', 'build']
[0.141s] DEBUG:colcon:Parsed command line arguments: Namespace(log_base=None, log_level=None, verb_name='build', build_base='build', install_base='install', merge_install=False, symlink_install=False, test_result_base=None, continue_on_error=False, executor='parallel', parallel_workers=4, event_handlers=None, ignore_user_meta=False, metas=['./colcon.meta'], base_paths=['.'], packages_ignore=None, packages_ignore_regex=None, paths=None, packages_up_to=None, packages_up_to_regex=None, packages_above=None, packages_above_and_dependencies=None, packages_above_depth=None, packages_select_by_dep=None, packages_skip_by_dep=None, packages_skip_up_to=None, packages_select_build_failed=False, packages_skip_build_finished=False, packages_select_test_failures=False, packages_skip_test_passed=False, packages_select=None, packages_skip=None, packages_select_regex=None, packages_skip_regex=None, packages_start=None, packages_end=None, allow_overriding=[], cmake_args=None, cmake_target=None, cmake_target_skip_unavailable=False, cmake_clean_cache=False, cmake_clean_first=False, cmake_force_configure=False, ament_cmake_args=None, catkin_cmake_args=None, catkin_skip_building_tests=False, mixin_files=None, mixin=None, verb_parser=<colcon_mixin.mixin.mixin_argument.MixinArgumentDecorator object at 0x72da4c777530>, verb_extension=<colcon_core.verb.build.BuildVerb object at 0x72da4c7771d0>, main=<bound method BuildVerb.main of <colcon_core.verb.build.BuildVerb object at 0x72da4c7771d0>>, mixin_verb=('build',))
[0.194s] Level 1:colcon.colcon_core.package_discovery:discover_packages(colcon_meta) check parameters
[0.195s] Level 1:colcon.colcon_core.package_discovery:discover_packages(recursive) check parameters
[0.195s] Level 1:colcon.colcon_core.package_discovery:discover_packages(ignore) check parameters
[0.195s] Level 1:colcon.colcon_core.package_discovery:discover_packages(path) check parameters
[0.195s] Level 1:colcon.colcon_core.package_discovery:discover_packages(colcon_meta) discover
[0.195s] Level 1:colcon.colcon_core.package_discovery:discover_packages(recursive) discover
[0.195s] INFO:colcon.colcon_core.package_discovery:Crawling recursively for packages in '/home/kaver06/ros2_ws'
[0.196s] Level 1:colcon.colcon_core.package_identification:_identify(.) by extensions ['ignore', 'ignore_ament_install']
[0.196s] Level 1:colcon.colcon_core.package_identification:_identify(.) by extension 'ignore'
[0.196s] Level 1:colcon.colcon_core.package_identification:_identify(.) by extension 'ignore_ament_install'
[0.196s] Level 1:colcon.colcon_core.package_identification:_identify(.) by extensions ['colcon_pkg']
[0.196s] Level 1:colcon.colcon_core.package_identification:_identify(.) by extension 'colcon_pkg'
[0.196s] Level 1:colcon.colcon_core.package_identification:_identify(.) by extensions ['colcon_meta']
[0.196s] Level 1:colcon.colcon_core.package_identification:_identify(.) by extension 'colcon_meta'
[0.196s] Level 1:colcon.colcon_core.package_identification:_identify(.) by extensions ['ros']
[0.196s] Level 1:colcon.colcon_core.package_identification:_identify(.) by extension 'ros'
[0.228s] Level 1:colcon.colcon_core.package_identification:_identify(.) by extensions ['cmake', 'python']
[0.229s] Level 1:colcon.colcon_core.package_identification:_identify(.) by extension 'cmake'
[0.229s] Level 1:colcon.colcon_core.package_identification:_identify(.) by extension 'python'
[0.229s] Level 1:colcon.colcon_core.package_identification:_identify(.) by extensions ['python_setup_py']
[0.229s] Level 1:colcon.colcon_core.package_identification:_identify(.) by extension 'python_setup_py'
[0.229s] Level 1:colcon.colcon_core.package_identification:_identify(build) by extensions ['ignore', 'ignore_ament_install']
[0.229s] Level 1:colcon.colcon_core.package_identification:_identify(build) by extension 'ignore'
[0.229s] Level 1:colcon.colcon_core.package_identification:_identify(build) ignored
[0.229s] Level 1:colcon.colcon_core.package_identification:_identify(install) by extensions ['ignore', 'ignore_ament_install']
[0.229s] Level 1:colcon.colcon_core.package_identification:_identify(install) by extension 'ignore'
[0.229s] Level 1:colcon.colcon_core.package_identification:_identify(install) ignored
[0.229s] Level 1:colcon.colcon_core.package_identification:_identify(log) by extensions ['ignore', 'ignore_ament_install']
[0.229s] Level 1:colcon.colcon_core.package_identification:_identify(log) by extension 'ignore'
[0.229s] Level 1:colcon.colcon_core.package_identification:_identify(log) ignored
[0.229s] Level 1:colcon.colcon_core.package_identification:_identify(src) by extensions ['ignore', 'ignore_ament_install']
[0.229s] Level 1:colcon.colcon_core.package_identification:_identify(src) by extension 'ignore'
[0.229s] Level 1:colcon.colcon_core.package_identification:_identify(src) by extension 'ignore_ament_install'
[0.230s] Level 1:colcon.colcon_core.package_identification:_identify(src) by extensions ['colcon_pkg']
[0.230s] Level 1:colcon.colcon_core.package_identification:_identify(src) by extension 'colcon_pkg'
[0.230s] Level 1:colcon.colcon_core.package_identification:_identify(src) by extensions ['colcon_meta']
[0.230s] Level 1:colcon.colcon_core.package_identification:_identify(src) by extension 'colcon_meta'
[0.230s] Level 1:colcon.colcon_core.package_identification:_identify(src) by extensions ['ros']
[0.230s] Level 1:colcon.colcon_core.package_identification:_identify(src) by extension 'ros'
[0.230s] Level 1:colcon.colcon_core.package_identification:_identify(src) by extensions ['cmake', 'python']
[0.230s] Level 1:colcon.colcon_core.package_identification:_identify(src) by extension 'cmake'
[0.230s] Level 1:colcon.colcon_core.package_identification:_identify(src) by extension 'python'
[0.230s] Level 1:colcon.colcon_core.package_identification:_identify(src) by extensions ['python_setup_py']
[0.230s] Level 1:colcon.colcon_core.package_identification:_identify(src) by extension 'python_setup_py'
[0.230s] Level 1:colcon.colcon_core.package_identification:_identify(src/my_cpp_pkg) by extensions ['ignore', 'ignore_ament_install']
[0.230s] Level 1:colcon.colcon_core.package_identification:_identify(src/my_cpp_pkg) by extension 'ignore'
[0.230s] Level 1:colcon.colcon_core.package_identification:_identify(src/my_cpp_pkg) by extension 'ignore_ament_install'
[0.231s] Level 1:colcon.colcon_core.package_identification:_identify(src/my_cpp_pkg) by extensions ['colcon_pkg']
[0.231s] Level 1:colcon.colcon_core.package_identification:_identify(src/my_cpp_pkg) by extension 'colcon_pkg'
[0.231s] Level 1:colcon.colcon_core.package_identification:_identify(src/my_cpp_pkg) by extensions ['colcon_meta']
[0.231s] Level 1:colcon.colcon_core.package_identification:_identify(src/my_cpp_pkg) by extension 'colcon_meta'
[0.231s] Level 1:colcon.colcon_core.package_identification:_identify(src/my_cpp_pkg) by extensions ['ros']
[0.231s] Level 1:colcon.colcon_core.package_identification:_identify(src/my_cpp_pkg) by extension 'ros'
[0.236s] DEBUG:colcon.colcon_core.package_identification:Package 'src/my_cpp_pkg' with type 'ros.ament_cmake' and name 'my_cpp_pkg'
[0.236s] Level 1:colcon.colcon_core.package_identification:_identify(src/my_py_pkg) by extensions ['ignore', 'ignore_ament_install']
[0.236s] Level 1:colcon.colcon_core.package_identification:_identify(src/my_py_pkg) by extension 'ignore'
[0.236s] Level 1:colcon.colcon_core.package_identification:_identify(src/my_py_pkg) by extension 'ignore_ament_install'
[0.236s] Level 1:colcon.colcon_core.package_identification:_identify(src/my_py_pkg) by extensions ['colcon_pkg']
[0.236s] Level 1:colcon.colcon_core.package_identification:_identify(src/my_py_pkg) by extension 'colcon_pkg'
[0.236s] Level 1:colcon.colcon_core.package_identification:_identify(src/my_py_pkg) by extensions ['colcon_meta']
[0.236s] Level 1:colcon.colcon_core.package_identification:_identify(src/my_py_pkg) by extension 'colcon_meta'
[0.236s] Level 1:colcon.colcon_core.package_identification:_identify(src/my_py_pkg) by extensions ['ros']
[0.237s] Level 1:colcon.colcon_core.package_identification:_identify(src/my_py_pkg) by extension 'ros'
[0.237s] DEBUG:colcon.colcon_core.package_identification:Package 'src/my_py_pkg' with type 'ros.ament_python' and name 'my_py_pkg'
[0.237s] Level 1:colcon.colcon_core.package_identification:_identify(src/my_robot_interfaces) by extensions ['ignore', 'ignore_ament_install']
[0.237s] Level 1:colcon.colcon_core.package_identification:_identify(src/my_robot_interfaces) by extension 'ignore'
[0.237s] Level 1:colcon.colcon_core.package_identification:_identify(src/my_robot_interfaces) by extension 'ignore_ament_install'
[0.237s] Level 1:colcon.colcon_core.package_identification:_identify(src/my_robot_interfaces) by extensions ['colcon_pkg']
[0.238s] Level 1:colcon.colcon_core.package_identification:_identify(src/my_robot_interfaces) by extension 'colcon_pkg'
[0.238s] Level 1:colcon.colcon_core.package_identification:_identify(src/my_robot_interfaces) by extensions ['colcon_meta']
[0.238s] Level 1:colcon.colcon_core.package_identification:_identify(src/my_robot_interfaces) by extension 'colcon_meta'
[0.238s] Level 1:colcon.colcon_core.package_identification:_identify(src/my_robot_interfaces) by extensions ['ros']
[0.238s] Level 1:colcon.colcon_core.package_identification:_identify(src/my_robot_interfaces) by extension 'ros'
[0.238s] DEBUG:colcon.colcon_core.package_identification:Package 'src/my_robot_interfaces' with type 'ros.ament_cmake' and name 'my_robot_interfaces'
[0.238s] Level 1:colcon.colcon_core.package_identification:_identify(src/projects) by extensions ['ignore', 'ignore_ament_install']
[0.238s] Level 1:colcon.colcon_core.package_identification:_identify(src/projects) by extension 'ignore'
[0.238s] Level 1:colcon.colcon_core.package_identification:_identify(src/projects) by extension 'ignore_ament_install'
[0.238s] Level 1:colcon.colcon_core.package_identification:_identify(src/projects) by extensions ['colcon_pkg']
[0.238s] Level 1:colcon.colcon_core.package_identification:_identify(src/projects) by extension 'colcon_pkg'
[0.238s] Level 1:colcon.colcon_core.package_identification:_identify(src/projects) by extensions ['colcon_meta']
[0.239s] Level 1:colcon.colcon_core.package_identification:_identify(src/projects) by extension 'colcon_meta'
[0.239s] Level 1:colcon.colcon_core.package_identification:_identify(src/projects) by extensions ['ros']
[0.239s] Level 1:colcon.colcon_core.package_identification:_identify(src/projects) by extension 'ros'
[0.240s] DEBUG:colcon.colcon_core.package_identification:Package 'src/projects' with type 'ros.ament_python' and name 'projects'
[0.240s] Level 1:colcon.colcon_core.package_identification:_identify(src/serial) by extensions ['ignore', 'ignore_ament_install']
[0.240s] Level 1:colcon.colcon_core.package_identification:_identify(src/serial) by extension 'ignore'
[0.240s] Level 1:colcon.colcon_core.package_identification:_identify(src/serial) by extension 'ignore_ament_install'
[0.240s] Level 1:colcon.colcon_core.package_identification:_identify(src/serial) by extensions ['colcon_pkg']
[0.240s] Level 1:colcon.colcon_core.package_identification:_identify(src/serial) by extension 'colcon_pkg'
[0.240s] Level 1:colcon.colcon_core.package_identification:_identify(src/serial) by extensions ['colcon_meta']
[0.240s] Level 1:colcon.colcon_core.package_identification:_identify(src/serial) by extension 'colcon_meta'
[0.240s] Level 1:colcon.colcon_core.package_identification:_identify(src/serial) by extensions ['ros']
[0.240s] Level 1:colcon.colcon_core.package_identification:_identify(src/serial) by extension 'ros'
[0.240s] Level 1:colcon.colcon_core.package_identification:_identify(src/serial) by extensions ['cmake', 'python']
[0.240s] Level 1:colcon.colcon_core.package_identification:_identify(src/serial) by extension 'cmake'
[0.241s] Level 1:colcon.colcon_core.package_identification:_identify(src/serial) by extension 'python'
[0.241s] Level 1:colcon.colcon_core.package_identification:_identify(src/serial) by extensions ['python_setup_py']
[0.241s] Level 1:colcon.colcon_core.package_identification:_identify(src/serial) by extension 'python_setup_py'
[0.241s] Level 1:colcon.colcon_core.package_discovery:discover_packages(recursive) using defaults
[0.241s] Level 1:colcon.colcon_core.package_discovery:discover_packages(ignore) discover
[0.242s] Level 1:colcon.colcon_core.package_discovery:discover_packages(ignore) using defaults
[0.242s] Level 1:colcon.colcon_core.package_discovery:discover_packages(path) discover
[0.242s] Level 1:colcon.colcon_core.package_discovery:discover_packages(path) using defaults
[0.274s] Level 1:colcon.colcon_core.package_discovery:discover_packages(prefix_path) check parameters
[0.274s] Level 1:colcon.colcon_core.package_discovery:discover_packages(prefix_path) discover
[0.277s] DEBUG:colcon.colcon_installed_package_information.package_discovery:Found 285 installed packages in /opt/ros/jazzy
[0.279s] Level 1:colcon.colcon_core.package_discovery:discover_packages(prefix_path) using defaults
[0.332s] Level 5:colcon.colcon_core.verb:set package 'my_robot_interfaces' build argument 'cmake_args' from command line to 'None'
[0.332s] Level 5:colcon.colcon_core.verb:set package 'my_robot_interfaces' build argument 'cmake_target' from command line to 'None'
[0.332s] Level 5:colcon.colcon_core.verb:set package 'my_robot_interfaces' build argument 'cmake_target_skip_unavailable' from command line to 'False'
[0.332s] Level 5:colcon.colcon_core.verb:set package 'my_robot_interfaces' build argument 'cmake_clean_cache' from command line to 'False'
[0.332s] Level 5:colcon.colcon_core.verb:set package 'my_robot_interfaces' build argument 'cmake_clean_first' from command line to 'False'
[0.333s] Level 5:colcon.colcon_core.verb:set package 'my_robot_interfaces' build argument 'cmake_force_configure' from command line to 'False'
[0.333s] Level 5:colcon.colcon_core.verb:set package 'my_robot_interfaces' build argument 'ament_cmake_args' from command line to 'None'
[0.333s] Level 5:colcon.colcon_core.verb:set package 'my_robot_interfaces' build argument 'catkin_cmake_args' from command line to 'None'
[0.333s] Level 5:colcon.colcon_core.verb:set package 'my_robot_interfaces' build argument 'catkin_skip_building_tests' from command line to 'False'
[0.333s] DEBUG:colcon.colcon_core.verb:Building package 'my_robot_interfaces' with the following arguments: {'ament_cmake_args': None, 'build_base': '/home/kaver06/ros2_ws/build/my_robot_interfaces', 'catkin_cmake_args': None, 'catkin_skip_building_tests': False, 'cmake_args': None, 'cmake_clean_cache': False, 'cmake_clean_first': False, 'cmake_force_configure': False, 'cmake_target': None, 'cmake_target_skip_unavailable': False, 'install_base': '/home/kaver06/ros2_ws/install/my_robot_interfaces', 'merge_install': False, 'path': '/home/kaver06/ros2_ws/src/my_robot_interfaces', 'symlink_install': False, 'test_result_base': None}
[0.333s] Level 5:colcon.colcon_core.verb:set package 'projects' build argument 'cmake_args' from command line to 'None'
[0.333s] Level 5:colcon.colcon_core.verb:set package 'projects' build argument 'cmake_target' from command line to 'None'
[0.333s] Level 5:colcon.colcon_core.verb:set package 'projects' build argument 'cmake_target_skip_unavailable' from command line to 'False'
[0.333s] Level 5:colcon.colcon_core.verb:set package 'projects' build argument 'cmake_clean_cache' from command line to 'False'
[0.333s] Level 5:colcon.colcon_core.verb:set package 'projects' build argument 'cmake_clean_first' from command line to 'False'
[0.333s] Level 5:colcon.colcon_core.verb:set package 'projects' build argument 'cmake_force_configure' from command line to 'False'
[0.333s] Level 5:colcon.colcon_core.verb:set package 'projects' build argument 'ament_cmake_args' from command line to 'None'
[0.333s] Level 5:colcon.colcon_core.verb:set package 'projects' build argument 'catkin_cmake_args' from command line to 'None'
[0.333s] Level 5:colcon.colcon_core.verb:set package 'projects' build argument 'catkin_skip_building_tests' from command line to 'False'
[0.333s] DEBUG:colcon.colcon_core.verb:Building package 'projects' with the following arguments: {'ament_cmake_args': None, 'build_base': '/home/kaver06/ros2_ws/build/projects', 'catkin_cmake_args': None, 'catkin_skip_building_tests': False, 'cmake_args': None, 'cmake_clean_cache': False, 'cmake_clean_first': False, 'cmake_force_configure': False, 'cmake_target': None, 'cmake_target_skip_unavailable': False, 'install_base': '/home/kaver06/ros2_ws/install/projects', 'merge_install': False, 'path': '/home/kaver06/ros2_ws/src/projects', 'symlink_install': False, 'test_result_base': None}
[0.333s] Level 5:colcon.colcon_core.verb:set package 'my_cpp_pkg' build argument 'cmake_args' from command line to 'None'
[0.333s] Level 5:colcon.colcon_core.verb:set package 'my_cpp_pkg' build argument 'cmake_target' from command line to 'None'
[0.333s] Level 5:colcon.colcon_core.verb:set package 'my_cpp_pkg' build argument 'cmake_target_skip_unavailable' from command line to 'False'
[0.333s] Level 5:colcon.colcon_core.verb:set package 'my_cpp_pkg' build argument 'cmake_clean_cache' from command line to 'False'
[0.333s] Level 5:colcon.colcon_core.verb:set package 'my_cpp_pkg' build argument 'cmake_clean_first' from command line to 'False'
[0.333s] Level 5:colcon.colcon_core.verb:set package 'my_cpp_pkg' build argument 'cmake_force_configure' from command line to 'False'
[0.333s] Level 5:colcon.colcon_core.verb:set package 'my_cpp_pkg' build argument 'ament_cmake_args' from command line to 'None'
[0.333s] Level 5:colcon.colcon_core.verb:set package 'my_cpp_pkg' build argument 'catkin_cmake_args' from command line to 'None'
[0.333s] Level 5:colcon.colcon_core.verb:set package 'my_cpp_pkg' build argument 'catkin_skip_building_tests' from command line to 'False'
[0.333s] DEBUG:colcon.colcon_core.verb:Building package 'my_cpp_pkg' with the following arguments: {'ament_cmake_args': None, 'build_base': '/home/kaver06/ros2_ws/build/my_cpp_pkg', 'catkin_cmake_args': None, 'catkin_skip_building_tests': False, 'cmake_args': None, 'cmake_clean_cache': False, 'cmake_clean_first': False, 'cmake_force_configure': False, 'cmake_target': None, 'cmake_target_skip_unavailable': False, 'install_base': '/home/kaver06/ros2_ws/install/my_cpp_pkg', 'merge_install': False, 'path': '/home/kaver06/ros2_ws/src/my_cpp_pkg', 'symlink_install': False, 'test_result_base': None}
[0.334s] Level 5:colcon.colcon_core.verb:set package 'my_py_pkg' build argument 'cmake_args' from command line to 'None'
[0.334s] Level 5:colcon.colcon_core.verb:set package 'my_py_pkg' build argument 'cmake_target' from command line to 'None'
[0.334s] Level 5:colcon.colcon_core.verb:set package 'my_py_pkg' build argument 'cmake_target_skip_unavailable' from command line to 'False'
[0.334s] Level 5:colcon.colcon_core.verb:set package 'my_py_pkg' build argument 'cmake_clean_cache' from command line to 'False'
[0.334s] Level 5:colcon.colcon_core.verb:set package 'my_py_pkg' build argument 'cmake_clean_first' from command line to 'False'
[0.334s] Level 5:colcon.colcon_core.verb:set package 'my_py_pkg' build argument 'cmake_force_configure' from command line to 'False'
[0.334s] Level 5:colcon.colcon_core.verb:set package 'my_py_pkg' build argument 'ament_cmake_args' from command line to 'None'
[0.334s] Level 5:colcon.colcon_core.verb:set package 'my_py_pkg' build argument 'catkin_cmake_args' from command line to 'None'
[0.334s] Level 5:colcon.colcon_core.verb:set package 'my_py_pkg' build argument 'catkin_skip_building_tests' from command line to 'False'
[0.334s] DEBUG:colcon.colcon_core.verb:Building package 'my_py_pkg' with the following arguments: {'ament_cmake_args': None, 'build_base': '/home/kaver06/ros2_ws/build/my_py_pkg', 'catkin_cmake_args': None, 'catkin_skip_building_tests': False, 'cmake_args': None, 'cmake_clean_cache': False, 'cmake_clean_first': False, 'cmake_force_configure': False, 'cmake_target': None, 'cmake_target_skip_unavailable': False, 'install_base': '/home/kaver06/ros2_ws/install/my_py_pkg', 'merge_install': False, 'path': '/home/kaver06/ros2_ws/src/my_py_pkg', 'symlink_install': False, 'test_result_base': None}
[0.334s] INFO:colcon.colcon_core.executor:Executing jobs using 'parallel' executor
[0.337s] DEBUG:colcon.colcon_parallel_executor.executor.parallel:run_until_complete
[0.337s] INFO:colcon.colcon_ros.task.ament_cmake.build:Building ROS package in '/home/kaver06/ros2_ws/src/my_robot_interfaces' with build type 'ament_cmake'
[0.337s] INFO:colcon.colcon_cmake.task.cmake.build:Building CMake package in '/home/kaver06/ros2_ws/src/my_robot_interfaces'
[0.342s] INFO:colcon.colcon_core.plugin_system:Skipping extension 'colcon_core.shell.bat': Not used on non-Windows systems
[0.342s] INFO:colcon.colcon_core.shell:Skip shell extension 'powershell' for command environment: Not usable outside of PowerShell
[0.342s] DEBUG:colcon.colcon_core.shell:Skip shell extension 'dsv' for command environment
[0.349s] INFO:colcon.colcon_ros.task.ament_python.build:Building ROS package in '/home/kaver06/ros2_ws/src/projects' with build type 'ament_python'
[0.350s] Level 1:colcon.colcon_core.shell:create_environment_hook('projects', 'ament_prefix_path')
[0.350s] INFO:colcon.colcon_core.shell:Creating environment hook '/home/kaver06/ros2_ws/install/projects/share/projects/hook/ament_prefix_path.ps1'
[0.353s] INFO:colcon.colcon_core.shell:Creating environment descriptor '/home/kaver06/ros2_ws/install/projects/share/projects/hook/ament_prefix_path.dsv'
[0.353s] INFO:colcon.colcon_core.shell:Creating environment hook '/home/kaver06/ros2_ws/install/projects/share/projects/hook/ament_prefix_path.sh'
[0.355s] INFO:colcon.colcon_core.shell:Skip shell extension 'powershell' for command environment: Not usable outside of PowerShell
[0.355s] DEBUG:colcon.colcon_core.shell:Skip shell extension 'dsv' for command environment
[0.404s] DEBUG:colcon.colcon_core.event_handler.log_command:Invoking command in '/home/kaver06/ros2_ws/build/my_robot_interfaces': CMAKE_PREFIX_PATH=${CMAKE_PREFIX_PATH}:/opt/ros/jazzy DEBUGINFOD_URLS=https://debuginfod.ubuntu.com /usr/bin/cmake /home/kaver06/ros2_ws/src/my_robot_interfaces -DCMAKE_INSTALL_PREFIX=/home/kaver06/ros2_ws/install/my_robot_interfaces
[1.072s] INFO:colcon.colcon_core.task.python.build:Building Python package in '/home/kaver06/ros2_ws/src/projects'
[1.073s] INFO:colcon.colcon_core.shell:Skip shell extension 'powershell' for command environment: Not usable outside of PowerShell
[1.073s] DEBUG:colcon.colcon_core.shell:Skip shell extension 'dsv' for command environment
[2.882s] DEBUG:colcon.colcon_core.event_handler.log_command:Invoking command in '/home/kaver06/ros2_ws/src/projects': DEBUGINFOD_URLS=https://debuginfod.ubuntu.com PYTHONPATH=/home/kaver06/ros2_ws/build/projects/prefix_override:/usr/lib/python3/dist-packages/colcon_core/task/python/colcon_distutils_commands:/home/kaver06/ros2_ws/install/projects/lib/python3.12/site-packages:${PYTHONPATH} /usr/bin/python3 -W ignore:setup.py install is deprecated -W ignore:easy_install command is deprecated setup.py egg_info --egg-base ../../build/projects build --build-base /home/kaver06/ros2_ws/build/projects/build install --record /home/kaver06/ros2_ws/build/projects/install.log --single-version-externally-managed install_data
[3.911s] DEBUG:colcon.colcon_core.event_handler.log_command:Invoked command in '/home/kaver06/ros2_ws/src/projects' returned '0': DEBUGINFOD_URLS=https://debuginfod.ubuntu.com PYTHONPATH=/home/kaver06/ros2_ws/build/projects/prefix_override:/usr/lib/python3/dist-packages/colcon_core/task/python/colcon_distutils_commands:/home/kaver06/ros2_ws/install/projects/lib/python3.12/site-packages:${PYTHONPATH} /usr/bin/python3 -W ignore:setup.py install is deprecated -W ignore:easy_install command is deprecated setup.py egg_info --egg-base ../../build/projects build --build-base /home/kaver06/ros2_ws/build/projects/build install --record /home/kaver06/ros2_ws/build/projects/install.log --single-version-externally-managed install_data
[3.913s] Level 1:colcon.colcon_core.environment:checking '/home/kaver06/ros2_ws/install/projects' for CMake module files
[3.913s] Level 1:colcon.colcon_core.environment:checking '/home/kaver06/ros2_ws/install/projects' for CMake config files
[3.914s] Level 1:colcon.colcon_core.environment:checking '/home/kaver06/ros2_ws/install/projects/lib'
[3.914s] Level 1:colcon.colcon_core.environment:checking '/home/kaver06/ros2_ws/install/projects/bin'
[3.914s] Level 1:colcon.colcon_core.environment:checking '/home/kaver06/ros2_ws/install/projects/lib/pkgconfig/projects.pc'
[3.915s] Level 1:colcon.colcon_core.environment:checking '/home/kaver06/ros2_ws/install/projects/lib/python3.12/site-packages'
[3.915s] Level 1:colcon.colcon_core.shell:create_environment_hook('projects', 'pythonpath')
[3.916s] INFO:colcon.colcon_core.shell:Creating environment hook '/home/kaver06/ros2_ws/install/projects/share/projects/hook/pythonpath.ps1'
[3.917s] INFO:colcon.colcon_core.shell:Creating environment descriptor '/home/kaver06/ros2_ws/install/projects/share/projects/hook/pythonpath.dsv'
[3.917s] INFO:colcon.colcon_core.shell:Creating environment hook '/home/kaver06/ros2_ws/install/projects/share/projects/hook/pythonpath.sh'
[3.918s] Level 1:colcon.colcon_core.environment:checking '/home/kaver06/ros2_ws/install/projects/bin'
[3.918s] Level 1:colcon.colcon_core.environment:create_environment_scripts_only(projects)
[3.918s] INFO:colcon.colcon_core.shell:Creating package script '/home/kaver06/ros2_ws/install/projects/share/projects/package.ps1'
[3.921s] INFO:colcon.colcon_core.shell:Creating package descriptor '/home/kaver06/ros2_ws/install/projects/share/projects/package.dsv'
[3.921s] INFO:colcon.colcon_core.shell:Creating package script '/home/kaver06/ros2_ws/install/projects/share/projects/package.sh'
[3.922s] INFO:colcon.colcon_core.shell:Creating package script '/home/kaver06/ros2_ws/install/projects/share/projects/package.bash'
[3.923s] INFO:colcon.colcon_core.shell:Creating package script '/home/kaver06/ros2_ws/install/projects/share/projects/package.zsh'
[3.924s] Level 1:colcon.colcon_core.environment:create_file_with_runtime_dependencies(/home/kaver06/ros2_ws/install/projects/share/colcon-core/packages/projects)
[7.577s] DEBUG:colcon.colcon_core.event_handler.log_command:Invoked command in '/home/kaver06/ros2_ws/build/my_robot_interfaces' returned '0': CMAKE_PREFIX_PATH=${CMAKE_PREFIX_PATH}:/opt/ros/jazzy DEBUGINFOD_URLS=https://debuginfod.ubuntu.com /usr/bin/cmake /home/kaver06/ros2_ws/src/my_robot_interfaces -DCMAKE_INSTALL_PREFIX=/home/kaver06/ros2_ws/install/my_robot_interfaces
[7.582s] DEBUG:colcon.colcon_core.event_handler.log_command:Invoking command in '/home/kaver06/ros2_ws/build/my_robot_interfaces': CMAKE_PREFIX_PATH=${CMAKE_PREFIX_PATH}:/opt/ros/jazzy DEBUGINFOD_URLS=https://debuginfod.ubuntu.com /usr/bin/cmake --build /home/kaver06/ros2_ws/build/my_robot_interfaces -- -j4 -l4
[16.851s] DEBUG:colcon.colcon_core.event_handler.log_command:Invoked command in '/home/kaver06/ros2_ws/build/my_robot_interfaces' returned '0': CMAKE_PREFIX_PATH=${CMAKE_PREFIX_PATH}:/opt/ros/jazzy DEBUGINFOD_URLS=https://debuginfod.ubuntu.com /usr/bin/cmake --build /home/kaver06/ros2_ws/build/my_robot_interfaces -- -j4 -l4
[16.872s] DEBUG:colcon.colcon_core.event_handler.log_command:Invoking command in '/home/kaver06/ros2_ws/build/my_robot_interfaces': CMAKE_PREFIX_PATH=${CMAKE_PREFIX_PATH}:/opt/ros/jazzy DEBUGINFOD_URLS=https://debuginfod.ubuntu.com /usr/bin/cmake --install /home/kaver06/ros2_ws/build/my_robot_interfaces
[17.024s] Level 1:colcon.colcon_core.environment:create_environment_scripts_only(my_robot_interfaces)
[17.025s] DEBUG:colcon.colcon_core.event_handler.log_command:Invoked command in '/home/kaver06/ros2_ws/build/my_robot_interfaces' returned '0': CMAKE_PREFIX_PATH=${CMAKE_PREFIX_PATH}:/opt/ros/jazzy DEBUGINFOD_URLS=https://debuginfod.ubuntu.com /usr/bin/cmake --install /home/kaver06/ros2_ws/build/my_robot_interfaces
[17.025s] Level 1:colcon.colcon_core.environment:checking '/home/kaver06/ros2_ws/install/my_robot_interfaces' for CMake module files
[17.027s] Level 1:colcon.colcon_core.environment:checking '/home/kaver06/ros2_ws/install/my_robot_interfaces' for CMake config files
[17.027s] Level 1:colcon.colcon_core.shell:create_environment_hook('my_robot_interfaces', 'cmake_prefix_path')
[17.027s] INFO:colcon.colcon_core.shell:Creating environment hook '/home/kaver06/ros2_ws/install/my_robot_interfaces/share/my_robot_interfaces/hook/cmake_prefix_path.ps1'
[17.027s] INFO:colcon.colcon_core.shell:Creating environment descriptor '/home/kaver06/ros2_ws/install/my_robot_interfaces/share/my_robot_interfaces/hook/cmake_prefix_path.dsv'
[17.028s] INFO:colcon.colcon_core.shell:Creating environment hook '/home/kaver06/ros2_ws/install/my_robot_interfaces/share/my_robot_interfaces/hook/cmake_prefix_path.sh'
[17.028s] Level 1:colcon.colcon_core.environment:checking '/home/kaver06/ros2_ws/install/my_robot_interfaces/lib'
[17.028s] Level 1:colcon.colcon_core.shell:create_environment_hook('my_robot_interfaces', 'ld_library_path_lib')
[17.029s] INFO:colcon.colcon_core.shell:Creating environment hook '/home/kaver06/ros2_ws/install/my_robot_interfaces/share/my_robot_interfaces/hook/ld_library_path_lib.ps1'
[17.029s] INFO:colcon.colcon_core.shell:Creating environment descriptor '/home/kaver06/ros2_ws/install/my_robot_interfaces/share/my_robot_interfaces/hook/ld_library_path_lib.dsv'
[17.029s] INFO:colcon.colcon_core.shell:Creating environment hook '/home/kaver06/ros2_ws/install/my_robot_interfaces/share/my_robot_interfaces/hook/ld_library_path_lib.sh'
[17.029s] Level 1:colcon.colcon_core.environment:checking '/home/kaver06/ros2_ws/install/my_robot_interfaces/bin'
[17.029s] Level 1:colcon.colcon_core.environment:checking '/home/kaver06/ros2_ws/install/my_robot_interfaces/lib/pkgconfig/my_robot_interfaces.pc'
[17.030s] Level 1:colcon.colcon_core.environment:checking '/home/kaver06/ros2_ws/install/my_robot_interfaces/lib/python3.12/site-packages'
[17.030s] Level 1:colcon.colcon_core.shell:create_environment_hook('my_robot_interfaces', 'pythonpath')
[17.030s] INFO:colcon.colcon_core.shell:Creating environment hook '/home/kaver06/ros2_ws/install/my_robot_interfaces/share/my_robot_interfaces/hook/pythonpath.ps1'
[17.030s] INFO:colcon.colcon_core.shell:Creating environment descriptor '/home/kaver06/ros2_ws/install/my_robot_interfaces/share/my_robot_interfaces/hook/pythonpath.dsv'
[17.030s] INFO:colcon.colcon_core.shell:Creating environment hook '/home/kaver06/ros2_ws/install/my_robot_interfaces/share/my_robot_interfaces/hook/pythonpath.sh'
[17.031s] Level 1:colcon.colcon_core.environment:checking '/home/kaver06/ros2_ws/install/my_robot_interfaces/bin'
[17.031s] INFO:colcon.colcon_core.shell:Creating package script '/home/kaver06/ros2_ws/install/my_robot_interfaces/share/my_robot_interfaces/package.ps1'
[17.031s] INFO:colcon.colcon_core.shell:Creating package descriptor '/home/kaver06/ros2_ws/install/my_robot_interfaces/share/my_robot_interfaces/package.dsv'
[17.032s] INFO:colcon.colcon_core.shell:Creating package script '/home/kaver06/ros2_ws/install/my_robot_interfaces/share/my_robot_interfaces/package.sh'
[17.033s] INFO:colcon.colcon_core.shell:Creating package script '/home/kaver06/ros2_ws/install/my_robot_interfaces/share/my_robot_interfaces/package.bash'
[17.033s] INFO:colcon.colcon_core.shell:Creating package script '/home/kaver06/ros2_ws/install/my_robot_interfaces/share/my_robot_interfaces/package.zsh'
[17.033s] Level 1:colcon.colcon_core.environment:create_file_with_runtime_dependencies(/home/kaver06/ros2_ws/install/my_robot_interfaces/share/colcon-core/packages/my_robot_interfaces)
[17.034s] Level 1:colcon.colcon_core.environment:create_environment_scripts_only(my_robot_interfaces)
[17.034s] Level 1:colcon.colcon_core.environment:checking '/home/kaver06/ros2_ws/install/my_robot_interfaces' for CMake module files
[17.034s] Level 1:colcon.colcon_core.environment:checking '/home/kaver06/ros2_ws/install/my_robot_interfaces' for CMake config files
[17.035s] Level 1:colcon.colcon_core.shell:create_environment_hook('my_robot_interfaces', 'cmake_prefix_path')
[17.035s] INFO:colcon.colcon_core.shell:Creating environment hook '/home/kaver06/ros2_ws/install/my_robot_interfaces/share/my_robot_interfaces/hook/cmake_prefix_path.ps1'
[17.035s] INFO:colcon.colcon_core.shell:Creating environment descriptor '/home/kaver06/ros2_ws/install/my_robot_interfaces/share/my_robot_interfaces/hook/cmake_prefix_path.dsv'
[17.036s] INFO:colcon.colcon_core.shell:Creating environment hook '/home/kaver06/ros2_ws/install/my_robot_interfaces/share/my_robot_interfaces/hook/cmake_prefix_path.sh'
[17.037s] Level 1:colcon.colcon_core.environment:checking '/home/kaver06/ros2_ws/install/my_robot_interfaces/lib'
[17.037s] Level 1:colcon.colcon_core.shell:create_environment_hook('my_robot_interfaces', 'ld_library_path_lib')
[17.037s] INFO:colcon.colcon_core.shell:Creating environment hook '/home/kaver06/ros2_ws/install/my_robot_interfaces/share/my_robot_interfaces/hook/ld_library_path_lib.ps1'
[17.038s] INFO:colcon.colcon_core.shell:Creating environment descriptor '/home/kaver06/ros2_ws/install/my_robot_interfaces/share/my_robot_interfaces/hook/ld_library_path_lib.dsv'
[17.038s] INFO:colcon.colcon_core.shell:Creating environment hook '/home/kaver06/ros2_ws/install/my_robot_interfaces/share/my_robot_interfaces/hook/ld_library_path_lib.sh'
[17.039s] Level 1:colcon.colcon_core.environment:checking '/home/kaver06/ros2_ws/install/my_robot_interfaces/bin'
[17.039s] Level 1:colcon.colcon_core.environment:checking '/home/kaver06/ros2_ws/install/my_robot_interfaces/lib/pkgconfig/my_robot_interfaces.pc'
[17.040s] Level 1:colcon.colcon_core.environment:checking '/home/kaver06/ros2_ws/install/my_robot_interfaces/lib/python3.12/site-packages'
[17.040s] Level 1:colcon.colcon_core.shell:create_environment_hook('my_robot_interfaces', 'pythonpath')
[17.040s] INFO:colcon.colcon_core.shell:Creating environment hook '/home/kaver06/ros2_ws/install/my_robot_interfaces/share/my_robot_interfaces/hook/pythonpath.ps1'
[17.040s] INFO:colcon.colcon_core.shell:Creating environment descriptor '/home/kaver06/ros2_ws/install/my_robot_interfaces/share/my_robot_interfaces/hook/pythonpath.dsv'
[17.041s] INFO:colcon.colcon_core.shell:Creating environment hook '/home/kaver06/ros2_ws/install/my_robot_interfaces/share/my_robot_interfaces/hook/pythonpath.sh'
[17.042s] Level 1:colcon.colcon_core.environment:checking '/home/kaver06/ros2_ws/install/my_robot_interfaces/bin'
[17.042s] INFO:colcon.colcon_core.shell:Creating package script '/home/kaver06/ros2_ws/install/my_robot_interfaces/share/my_robot_interfaces/package.ps1'
[17.043s] INFO:colcon.colcon_core.shell:Creating package descriptor '/home/kaver06/ros2_ws/install/my_robot_interfaces/share/my_robot_interfaces/package.dsv'
[17.044s] INFO:colcon.colcon_core.shell:Creating package script '/home/kaver06/ros2_ws/install/my_robot_interfaces/share/my_robot_interfaces/package.sh'
[17.045s] INFO:colcon.colcon_core.shell:Creating package script '/home/kaver06/ros2_ws/install/my_robot_interfaces/share/my_robot_interfaces/package.bash'
[17.045s] INFO:colcon.colcon_core.shell:Creating package script '/home/kaver06/ros2_ws/install/my_robot_interfaces/share/my_robot_interfaces/package.zsh'
[17.046s] Level 1:colcon.colcon_core.environment:create_file_with_runtime_dependencies(/home/kaver06/ros2_ws/install/my_robot_interfaces/share/colcon-core/packages/my_robot_interfaces)
[17.048s] INFO:colcon.colcon_ros.task.ament_cmake.build:Building ROS package in '/home/kaver06/ros2_ws/src/my_cpp_pkg' with build type 'ament_cmake'
[17.049s] INFO:colcon.colcon_cmake.task.cmake.build:Building CMake package in '/home/kaver06/ros2_ws/src/my_cpp_pkg'
[17.050s] INFO:colcon.colcon_core.shell:Skip shell extension 'powershell' for command environment: Not usable outside of PowerShell
[17.050s] DEBUG:colcon.colcon_core.shell:Skip shell extension 'dsv' for command environment
[17.058s] INFO:colcon.colcon_ros.task.ament_python.build:Building ROS package in '/home/kaver06/ros2_ws/src/my_py_pkg' with build type 'ament_python'
[17.058s] Level 1:colcon.colcon_core.shell:create_environment_hook('my_py_pkg', 'ament_prefix_path')
[17.059s] INFO:colcon.colcon_core.shell:Creating environment hook '/home/kaver06/ros2_ws/install/my_py_pkg/share/my_py_pkg/hook/ament_prefix_path.ps1'
[17.061s] INFO:colcon.colcon_core.shell:Creating environment descriptor '/home/kaver06/ros2_ws/install/my_py_pkg/share/my_py_pkg/hook/ament_prefix_path.dsv'
[17.062s] INFO:colcon.colcon_core.shell:Creating environment hook '/home/kaver06/ros2_ws/install/my_py_pkg/share/my_py_pkg/hook/ament_prefix_path.sh'
[17.064s] INFO:colcon.colcon_core.shell:Skip shell extension 'powershell' for command environment: Not usable outside of PowerShell
[17.064s] DEBUG:colcon.colcon_core.shell:Skip shell extension 'dsv' for command environment
[17.093s] DEBUG:colcon.colcon_core.event_handler.log_command:Invoking command in '/home/kaver06/ros2_ws/build/my_cpp_pkg': AMENT_PREFIX_PATH=/home/kaver06/ros2_ws/install/my_robot_interfaces:${AMENT_PREFIX_PATH} CMAKE_PREFIX_PATH=/home/kaver06/ros2_ws/install/my_robot_interfaces:/opt/ros/jazzy/opt/gz_math_vendor:/opt/ros/jazzy/opt/gz_utils_vendor:/opt/ros/jazzy/opt/gz_cmake_vendor:/opt/ros/jazzy DEBUGINFOD_URLS=https://debuginfod.ubuntu.com LD_LIBRARY_PATH=/home/kaver06/ros2_ws/install/my_robot_interfaces/lib:${LD_LIBRARY_PATH} PYTHONPATH=/home/kaver06/ros2_ws/install/my_robot_interfaces/lib/python3.12/site-packages:${PYTHONPATH} /usr/bin/cmake /home/kaver06/ros2_ws/src/my_cpp_pkg -DCMAKE_INSTALL_PREFIX=/home/kaver06/ros2_ws/install/my_cpp_pkg
[17.488s] INFO:colcon.colcon_core.task.python.build:Building Python package in '/home/kaver06/ros2_ws/src/my_py_pkg'
[17.488s] INFO:colcon.colcon_core.shell:Skip shell extension 'powershell' for command environment: Not usable outside of PowerShell
[17.488s] DEBUG:colcon.colcon_core.shell:Skip shell extension 'dsv' for command environment
[18.566s] DEBUG:colcon.colcon_core.event_handler.log_command:Invoking command in '/home/kaver06/ros2_ws/src/my_py_pkg': AMENT_PREFIX_PATH=/home/kaver06/ros2_ws/install/my_robot_interfaces:${AMENT_PREFIX_PATH} CMAKE_PREFIX_PATH=/home/kaver06/ros2_ws/install/my_robot_interfaces:${CMAKE_PREFIX_PATH} DEBUGINFOD_URLS=https://debuginfod.ubuntu.com LD_LIBRARY_PATH=/home/kaver06/ros2_ws/install/my_robot_interfaces/lib:${LD_LIBRARY_PATH} PYTHONPATH=/home/kaver06/ros2_ws/build/my_py_pkg/prefix_override:/usr/lib/python3/dist-packages/colcon_core/task/python/colcon_distutils_commands:/home/kaver06/ros2_ws/install/my_py_pkg/lib/python3.12/site-packages:/home/kaver06/ros2_ws/install/my_robot_interfaces/lib/python3.12/site-packages:${PYTHONPATH} /usr/bin/python3 -W ignore:setup.py install is deprecated -W ignore:easy_install command is deprecated setup.py egg_info --egg-base ../../build/my_py_pkg build --build-base /home/kaver06/ros2_ws/build/my_py_pkg/build install --record /home/kaver06/ros2_ws/build/my_py_pkg/install.log --single-version-externally-managed install_data
[19.446s] Level 1:colcon.colcon_core.environment:checking '/home/kaver06/ros2_ws/install/my_py_pkg' for CMake module files
[19.448s] Level 1:colcon.colcon_core.environment:checking '/home/kaver06/ros2_ws/install/my_py_pkg' for CMake config files
[19.449s] DEBUG:colcon.colcon_core.event_handler.log_command:Invoked command in '/home/kaver06/ros2_ws/src/my_py_pkg' returned '0': AMENT_PREFIX_PATH=/home/kaver06/ros2_ws/install/my_robot_interfaces:${AMENT_PREFIX_PATH} CMAKE_PREFIX_PATH=/home/kaver06/ros2_ws/install/my_robot_interfaces:${CMAKE_PREFIX_PATH} DEBUGINFOD_URLS=https://debuginfod.ubuntu.com LD_LIBRARY_PATH=/home/kaver06/ros2_ws/install/my_robot_interfaces/lib:${LD_LIBRARY_PATH} PYTHONPATH=/home/kaver06/ros2_ws/build/my_py_pkg/prefix_override:/usr/lib/python3/dist-packages/colcon_core/task/python/colcon_distutils_commands:/home/kaver06/ros2_ws/install/my_py_pkg/lib/python3.12/site-packages:/home/kaver06/ros2_ws/install/my_robot_interfaces/lib/python3.12/site-packages:${PYTHONPATH} /usr/bin/python3 -W ignore:setup.py install is deprecated -W ignore:easy_install command is deprecated setup.py egg_info --egg-base ../../build/my_py_pkg build --build-base /home/kaver06/ros2_ws/build/my_py_pkg/build install --record /home/kaver06/ros2_ws/build/my_py_pkg/install.log --single-version-externally-managed install_data
[19.449s] Level 1:colcon.colcon_core.environment:checking '/home/kaver06/ros2_ws/install/my_py_pkg/lib'
[19.450s] Level 1:colcon.colcon_core.environment:checking '/home/kaver06/ros2_ws/install/my_py_pkg/bin'
[19.450s] Level 1:colcon.colcon_core.environment:checking '/home/kaver06/ros2_ws/install/my_py_pkg/lib/pkgconfig/my_py_pkg.pc'
[19.450s] Level 1:colcon.colcon_core.environment:checking '/home/kaver06/ros2_ws/install/my_py_pkg/lib/python3.12/site-packages'
[19.450s] Level 1:colcon.colcon_core.shell:create_environment_hook('my_py_pkg', 'pythonpath')
[19.451s] INFO:colcon.colcon_core.shell:Creating environment hook '/home/kaver06/ros2_ws/install/my_py_pkg/share/my_py_pkg/hook/pythonpath.ps1'
[19.451s] INFO:colcon.colcon_core.shell:Creating environment descriptor '/home/kaver06/ros2_ws/install/my_py_pkg/share/my_py_pkg/hook/pythonpath.dsv'
[19.452s] INFO:colcon.colcon_core.shell:Creating environment hook '/home/kaver06/ros2_ws/install/my_py_pkg/share/my_py_pkg/hook/pythonpath.sh'
[19.452s] Level 1:colcon.colcon_core.environment:checking '/home/kaver06/ros2_ws/install/my_py_pkg/bin'
[19.452s] Level 1:colcon.colcon_core.environment:create_environment_scripts_only(my_py_pkg)
[19.453s] INFO:colcon.colcon_core.shell:Creating package script '/home/kaver06/ros2_ws/install/my_py_pkg/share/my_py_pkg/package.ps1'
[19.453s] INFO:colcon.colcon_core.shell:Creating package descriptor '/home/kaver06/ros2_ws/install/my_py_pkg/share/my_py_pkg/package.dsv'
[19.454s] INFO:colcon.colcon_core.shell:Creating package script '/home/kaver06/ros2_ws/install/my_py_pkg/share/my_py_pkg/package.sh'
[19.454s] INFO:colcon.colcon_core.shell:Creating package script '/home/kaver06/ros2_ws/install/my_py_pkg/share/my_py_pkg/package.bash'
[19.455s] INFO:colcon.colcon_core.shell:Creating package script '/home/kaver06/ros2_ws/install/my_py_pkg/share/my_py_pkg/package.zsh'
[19.455s] Level 1:colcon.colcon_core.environment:create_file_with_runtime_dependencies(/home/kaver06/ros2_ws/install/my_py_pkg/share/colcon-core/packages/my_py_pkg)
[19.524s] DEBUG:colcon.colcon_core.event_handler.log_command:Invoked command in '/home/kaver06/ros2_ws/build/my_cpp_pkg' returned '0': AMENT_PREFIX_PATH=/home/kaver06/ros2_ws/install/my_robot_interfaces:${AMENT_PREFIX_PATH} CMAKE_PREFIX_PATH=/home/kaver06/ros2_ws/install/my_robot_interfaces:/opt/ros/jazzy/opt/gz_math_vendor:/opt/ros/jazzy/opt/gz_utils_vendor:/opt/ros/jazzy/opt/gz_cmake_vendor:/opt/ros/jazzy DEBUGINFOD_URLS=https://debuginfod.ubuntu.com LD_LIBRARY_PATH=/home/kaver06/ros2_ws/install/my_robot_interfaces/lib:${LD_LIBRARY_PATH} PYTHONPATH=/home/kaver06/ros2_ws/install/my_robot_interfaces/lib/python3.12/site-packages:${PYTHONPATH} /usr/bin/cmake /home/kaver06/ros2_ws/src/my_cpp_pkg -DCMAKE_INSTALL_PREFIX=/home/kaver06/ros2_ws/install/my_cpp_pkg
[19.528s] DEBUG:colcon.colcon_core.event_handler.log_command:Invoking command in '/home/kaver06/ros2_ws/build/my_cpp_pkg': AMENT_PREFIX_PATH=/home/kaver06/ros2_ws/install/my_robot_interfaces:${AMENT_PREFIX_PATH} CMAKE_PREFIX_PATH=/home/kaver06/ros2_ws/install/my_robot_interfaces:/opt/ros/jazzy/opt/gz_math_vendor:/opt/ros/jazzy/opt/gz_utils_vendor:/opt/ros/jazzy/opt/gz_cmake_vendor:/opt/ros/jazzy DEBUGINFOD_URLS=https://debuginfod.ubuntu.com LD_LIBRARY_PATH=/home/kaver06/ros2_ws/install/my_robot_interfaces/lib:${LD_LIBRARY_PATH} PYTHONPATH=/home/kaver06/ros2_ws/install/my_robot_interfaces/lib/python3.12/site-packages:${PYTHONPATH} /usr/bin/cmake --build /home/kaver06/ros2_ws/build/my_cpp_pkg -- -j4 -l4
[40.414s] DEBUG:colcon.colcon_core.event_handler.log_command:Invoked command in '/home/kaver06/ros2_ws/build/my_cpp_pkg' returned '0': AMENT_PREFIX_PATH=/home/kaver06/ros2_ws/install/my_robot_interfaces:${AMENT_PREFIX_PATH} CMAKE_PREFIX_PATH=/home/kaver06/ros2_ws/install/my_robot_interfaces:/opt/ros/jazzy/opt/gz_math_vendor:/opt/ros/jazzy/opt/gz_utils_vendor:/opt/ros/jazzy/opt/gz_cmake_vendor:/opt/ros/jazzy DEBUGINFOD_URLS=https://debuginfod.ubuntu.com LD_LIBRARY_PATH=/home/kaver06/ros2_ws/install/my_robot_interfaces/lib:${LD_LIBRARY_PATH} PYTHONPATH=/home/kaver06/ros2_ws/install/my_robot_interfaces/lib/python3.12/site-packages:${PYTHONPATH} /usr/bin/cmake --build /home/kaver06/ros2_ws/build/my_cpp_pkg -- -j4 -l4
[40.419s] DEBUG:colcon.colcon_core.event_handler.log_command:Invoking command in '/home/kaver06/ros2_ws/build/my_cpp_pkg': AMENT_PREFIX_PATH=/home/kaver06/ros2_ws/install/my_robot_interfaces:${AMENT_PREFIX_PATH} CMAKE_PREFIX_PATH=/home/kaver06/ros2_ws/install/my_robot_interfaces:/opt/ros/jazzy/opt/gz_math_vendor:/opt/ros/jazzy/opt/gz_utils_vendor:/opt/ros/jazzy/opt/gz_cmake_vendor:/opt/ros/jazzy DEBUGINFOD_URLS=https://debuginfod.ubuntu.com LD_LIBRARY_PATH=/home/kaver06/ros2_ws/install/my_robot_interfaces/lib:${LD_LIBRARY_PATH} PYTHONPATH=/home/kaver06/ros2_ws/install/my_robot_interfaces/lib/python3.12/site-packages:${PYTHONPATH} /usr/bin/cmake --install /home/kaver06/ros2_ws/build/my_cpp_pkg
[40.457s] Level 1:colcon.colcon_core.environment:create_environment_scripts_only(my_cpp_pkg)
[40.458s] Level 1:colcon.colcon_core.environment:checking '/home/kaver06/ros2_ws/install/my_cpp_pkg' for CMake module files
[40.458s] Level 1:colcon.colcon_core.environment:checking '/home/kaver06/ros2_ws/install/my_cpp_pkg' for CMake config files
[40.458s] Level 1:colcon.colcon_core.shell:create_environment_hook('my_cpp_pkg', 'cmake_prefix_path')
[40.459s] INFO:colcon.colcon_core.shell:Creating environment hook '/home/kaver06/ros2_ws/install/my_cpp_pkg/share/my_cpp_pkg/hook/cmake_prefix_path.ps1'
[40.459s] INFO:colcon.colcon_core.shell:Creating environment descriptor '/home/kaver06/ros2_ws/install/my_cpp_pkg/share/my_cpp_pkg/hook/cmake_prefix_path.dsv'
[40.459s] INFO:colcon.colcon_core.shell:Creating environment hook '/home/kaver06/ros2_ws/install/my_cpp_pkg/share/my_cpp_pkg/hook/cmake_prefix_path.sh'
[40.460s] DEBUG:colcon.colcon_core.event_handler.log_command:Invoked command in '/home/kaver06/ros2_ws/build/my_cpp_pkg' returned '0': AMENT_PREFIX_PATH=/home/kaver06/ros2_ws/install/my_robot_interfaces:${AMENT_PREFIX_PATH} CMAKE_PREFIX_PATH=/home/kaver06/ros2_ws/install/my_robot_interfaces:/opt/ros/jazzy/opt/gz_math_vendor:/opt/ros/jazzy/opt/gz_utils_vendor:/opt/ros/jazzy/opt/gz_cmake_vendor:/opt/ros/jazzy DEBUGINFOD_URLS=https://debuginfod.ubuntu.com LD_LIBRARY_PATH=/home/kaver06/ros2_ws/install/my_robot_interfaces/lib:${LD_LIBRARY_PATH} PYTHONPATH=/home/kaver06/ros2_ws/install/my_robot_interfaces/lib/python3.12/site-packages:${PYTHONPATH} /usr/bin/cmake --install /home/kaver06/ros2_ws/build/my_cpp_pkg
[40.460s] Level 1:colcon.colcon_core.environment:checking '/home/kaver06/ros2_ws/install/my_cpp_pkg/lib'
[40.461s] Level 1:colcon.colcon_core.environment:checking '/home/kaver06/ros2_ws/install/my_cpp_pkg/bin'
[40.461s] Level 1:colcon.colcon_core.environment:checking '/home/kaver06/ros2_ws/install/my_cpp_pkg/lib/pkgconfig/my_cpp_pkg.pc'
[40.461s] Level 1:colcon.colcon_core.environment:checking '/home/kaver06/ros2_ws/install/my_cpp_pkg/lib/python3.12/site-packages'
[40.461s] Level 1:colcon.colcon_core.environment:checking '/home/kaver06/ros2_ws/install/my_cpp_pkg/bin'
[40.461s] INFO:colcon.colcon_core.shell:Creating package script '/home/kaver06/ros2_ws/install/my_cpp_pkg/share/my_cpp_pkg/package.ps1'
[40.462s] INFO:colcon.colcon_core.shell:Creating package descriptor '/home/kaver06/ros2_ws/install/my_cpp_pkg/share/my_cpp_pkg/package.dsv'
[40.463s] INFO:colcon.colcon_core.shell:Creating package script '/home/kaver06/ros2_ws/install/my_cpp_pkg/share/my_cpp_pkg/package.sh'
[40.464s] INFO:colcon.colcon_core.shell:Creating package script '/home/kaver06/ros2_ws/install/my_cpp_pkg/share/my_cpp_pkg/package.bash'
[40.464s] INFO:colcon.colcon_core.shell:Creating package script '/home/kaver06/ros2_ws/install/my_cpp_pkg/share/my_cpp_pkg/package.zsh'
[40.465s] Level 1:colcon.colcon_core.environment:create_file_with_runtime_dependencies(/home/kaver06/ros2_ws/install/my_cpp_pkg/share/colcon-core/packages/my_cpp_pkg)
[40.467s] Level 1:colcon.colcon_core.environment:create_environment_scripts_only(my_cpp_pkg)
[40.467s] Level 1:colcon.colcon_core.environment:checking '/home/kaver06/ros2_ws/install/my_cpp_pkg' for CMake module files
[40.468s] Level 1:colcon.colcon_core.environment:checking '/home/kaver06/ros2_ws/install/my_cpp_pkg' for CMake config files
[40.468s] Level 1:colcon.colcon_core.shell:create_environment_hook('my_cpp_pkg', 'cmake_prefix_path')
[40.468s] INFO:colcon.colcon_core.shell:Creating environment hook '/home/kaver06/ros2_ws/install/my_cpp_pkg/share/my_cpp_pkg/hook/cmake_prefix_path.ps1'
[40.468s] INFO:colcon.colcon_core.shell:Creating environment descriptor '/home/kaver06/ros2_ws/install/my_cpp_pkg/share/my_cpp_pkg/hook/cmake_prefix_path.dsv'
[40.469s] INFO:colcon.colcon_core.shell:Creating environment hook '/home/kaver06/ros2_ws/install/my_cpp_pkg/share/my_cpp_pkg/hook/cmake_prefix_path.sh'
[40.470s] Level 1:colcon.colcon_core.environment:checking '/home/kaver06/ros2_ws/install/my_cpp_pkg/lib'
[40.470s] Level 1:colcon.colcon_core.environment:checking '/home/kaver06/ros2_ws/install/my_cpp_pkg/bin'
[40.470s] Level 1:colcon.colcon_core.environment:checking '/home/kaver06/ros2_ws/install/my_cpp_pkg/lib/pkgconfig/my_cpp_pkg.pc'
[40.471s] Level 1:colcon.colcon_core.environment:checking '/home/kaver06/ros2_ws/install/my_cpp_pkg/lib/python3.12/site-packages'
[40.471s] Level 1:colcon.colcon_core.environment:checking '/home/kaver06/ros2_ws/install/my_cpp_pkg/bin'
[40.471s] INFO:colcon.colcon_core.shell:Creating package script '/home/kaver06/ros2_ws/install/my_cpp_pkg/share/my_cpp_pkg/package.ps1'
[40.471s] INFO:colcon.colcon_core.shell:Creating package descriptor '/home/kaver06/ros2_ws/install/my_cpp_pkg/share/my_cpp_pkg/package.dsv'
[40.472s] INFO:colcon.colcon_core.shell:Creating package script '/home/kaver06/ros2_ws/install/my_cpp_pkg/share/my_cpp_pkg/package.sh'
[40.474s] INFO:colcon.colcon_core.shell:Creating package script '/home/kaver06/ros2_ws/install/my_cpp_pkg/share/my_cpp_pkg/package.bash'
[40.474s] INFO:colcon.colcon_core.shell:Creating package script '/home/kaver06/ros2_ws/install/my_cpp_pkg/share/my_cpp_pkg/package.zsh'
[40.475s] Level 1:colcon.colcon_core.environment:create_file_with_runtime_dependencies(/home/kaver06/ros2_ws/install/my_cpp_pkg/share/colcon-core/packages/my_cpp_pkg)
[40.480s] DEBUG:colcon.colcon_parallel_executor.executor.parallel:closing loop
[40.481s] DEBUG:colcon.colcon_parallel_executor.executor.parallel:loop closed
[40.481s] DEBUG:colcon.colcon_parallel_executor.executor.parallel:run_until_complete finished with '0'
[40.482s] DEBUG:colcon.colcon_core.event_reactor:joining thread
[40.500s] INFO:colcon.colcon_core.plugin_system:Skipping extension 'colcon_notification.desktop_notification.terminal_notifier': Not used on non-Darwin systems
[40.500s] INFO:colcon.colcon_core.plugin_system:Skipping extension 'colcon_notification.desktop_notification.win32': Not used on non-Windows systems
[40.500s] INFO:colcon.colcon_notification.desktop_notification:Sending desktop notification using 'notify2'
[40.570s] DEBUG:colcon.colcon_core.event_reactor:joined thread
[40.572s] INFO:colcon.colcon_core.shell:Creating prefix script '/home/kaver06/ros2_ws/install/local_setup.ps1'
[40.574s] INFO:colcon.colcon_core.shell:Creating prefix util module '/home/kaver06/ros2_ws/install/_local_setup_util_ps1.py'
[40.577s] INFO:colcon.colcon_core.shell:Creating prefix chain script '/home/kaver06/ros2_ws/install/setup.ps1'
[40.579s] INFO:colcon.colcon_core.shell:Creating prefix script '/home/kaver06/ros2_ws/install/local_setup.sh'
[40.579s] INFO:colcon.colcon_core.shell:Creating prefix util module '/home/kaver06/ros2_ws/install/_local_setup_util_sh.py'
[40.581s] INFO:colcon.colcon_core.shell:Creating prefix chain script '/home/kaver06/ros2_ws/install/setup.sh'
[40.582s] INFO:colcon.colcon_core.shell:Creating prefix script '/home/kaver06/ros2_ws/install/local_setup.bash'
[40.583s] INFO:colcon.colcon_core.shell:Creating prefix chain script '/home/kaver06/ros2_ws/install/setup.bash'
[40.584s] INFO:colcon.colcon_core.shell:Creating prefix script '/home/kaver06/ros2_ws/install/local_setup.zsh'
[40.585s] INFO:colcon.colcon_core.shell:Creating prefix chain script '/home/kaver06/ros2_ws/install/setup.zsh'
