-- The C compiler identification is GNU 13.3.0
-- The CXX compiler identification is GNU 13.3.0
-- Detecting C compiler ABI info
-- Detecting C compiler ABI info - done
-- Check for working C compiler: /usr/bin/cc - skipped
-- Detecting C compile features
-- Detecting C compile features - done
-- Detecting CXX compiler ABI info
-- Detecting CXX compiler ABI info - done
-- Check for working CXX compiler: /usr/bin/c++ - skipped
-- Detecting CXX compile features
-- Detecting CXX compile features - done
-- Found ament_cmake: 2.5.4 (/opt/ros/jazzy/share/ament_cmake/cmake)
-- Found Python3: /usr/bin/python3 (found version "3.12.3") found components: Interpreter 
-- Found rclcpp: 28.1.10 (/opt/ros/jazzy/share/rclcpp/cmake)
-- Found rosidl_generator_c: 4.6.5 (/opt/ros/jazzy/share/rosidl_generator_c/cmake)
-- Found rosidl_generator_cpp: 4.6.5 (/opt/ros/jazzy/share/rosidl_generator_cpp/cmake)
-- Using all available rosidl_typesupport_c: rosidl_typesupport_fastrtps_c;rosidl_typesupport_introspection_c
-- Using all available rosidl_typesupport_cpp: rosidl_typesupport_fastrtps_cpp;rosidl_typesupport_introspection_cpp
-- Found rmw_implementation_cmake: 7.3.2 (/opt/ros/jazzy/share/rmw_implementation_cmake/cmake)
-- Found rmw_fastrtps_cpp: 8.4.2 (/opt/ros/jazzy/share/rmw_fastrtps_cpp/cmake)
-- Found OpenSSL: /usr/lib/x86_64-linux-gnu/libcrypto.so (found version "3.0.13")  
-- Found FastRTPS: /opt/ros/jazzy/include (Required is at least version "2.13") 
-- Using RMW implementation 'rmw_fastrtps_cpp' as default
-- Found example_interfaces: 0.12.0 (/opt/ros/jazzy/share/example_interfaces/cmake)
-- Found my_robot_interfaces: 0.0.0 (/home/kaver06/ros2_ws/install/my_robot_interfaces/share/my_robot_interfaces/cmake)
-- Configuring done (2.3s)
-- Generating done (0.1s)
-- Build files have been written to: /home/kaver06/ros2_ws/build/my_cpp_pkg
[ 12%] [32mBuilding CXX object CMakeFiles/smartphone.dir/src/smartphone.cpp.o[0m
[ 12%] [32mBuilding CXX object CMakeFiles/cpp_node.dir/src/my_first_node.cpp.o[0m
[ 18%] [32mBuilding CXX object CMakeFiles/add_two_ints_server.dir/src/add_two_ints_server.cpp.o[0m
[ 25%] [32mBuilding CXX object CMakeFiles/robot_news_station.dir/src/robot_news_station.cpp.o[0m
[ 31%] [32m[1mLinking CXX executable cpp_node[0m
[ 31%] Built target cpp_node
[ 37%] [32mBuilding CXX object CMakeFiles/add_two_ints_client_no_oop.dir/src/add_two_ints_client_no_oop.cpp.o[0m
[ 43%] [32m[1mLinking CXX executable add_two_ints_server[0m
[ 43%] Built target add_two_ints_server
[ 50%] [32mBuilding CXX object CMakeFiles/add_two_ints_client.dir/src/add_two_ints_client.cpp.o[0m
[ 56%] [32m[1mLinking CXX executable robot_news_station[0m
[ 56%] Built target robot_news_station
[ 62%] [32mBuilding CXX object CMakeFiles/hw_status_publisher.dir/src/hardware_status_publisher.cpp.o[0m
[ 68%] [32m[1mLinking CXX executable add_two_ints_client[0m
[ 75%] [32m[1mLinking CXX executable add_two_ints_client_no_oop[0m
[ 81%] [32m[1mLinking CXX executable smartphone[0m
[ 81%] Built target add_two_ints_client
[ 87%] [32mBuilding CXX object CMakeFiles/number_publisher.dir/src/number_publisher.cpp.o[0m
[ 87%] Built target add_two_ints_client_no_oop
[ 87%] Built target smartphone
[ 93%] [32m[1mLinking CXX executable hw_status_publisher[0m
[ 93%] Built target hw_status_publisher
[100%] [32m[1mLinking CXX executable number_publisher[0m
[100%] Built target number_publisher
-- Install configuration: ""
-- Installing: /home/kaver06/ros2_ws/install/my_cpp_pkg/lib/my_cpp_pkg/cpp_node
-- Set non-toolchain portion of runtime path of "/home/kaver06/ros2_ws/install/my_cpp_pkg/lib/my_cpp_pkg/cpp_node" to ""
-- Installing: /home/kaver06/ros2_ws/install/my_cpp_pkg/lib/my_cpp_pkg/robot_news_station
-- Set non-toolchain portion of runtime path of "/home/kaver06/ros2_ws/install/my_cpp_pkg/lib/my_cpp_pkg/robot_news_station" to ""
-- Installing: /home/kaver06/ros2_ws/install/my_cpp_pkg/lib/my_cpp_pkg/smartphone
-- Set non-toolchain portion of runtime path of "/home/kaver06/ros2_ws/install/my_cpp_pkg/lib/my_cpp_pkg/smartphone" to ""
-- Installing: /home/kaver06/ros2_ws/install/my_cpp_pkg/lib/my_cpp_pkg/add_two_ints_server
-- Set non-toolchain portion of runtime path of "/home/kaver06/ros2_ws/install/my_cpp_pkg/lib/my_cpp_pkg/add_two_ints_server" to ""
-- Installing: /home/kaver06/ros2_ws/install/my_cpp_pkg/lib/my_cpp_pkg/add_two_ints_client_no_oop
-- Set non-toolchain portion of runtime path of "/home/kaver06/ros2_ws/install/my_cpp_pkg/lib/my_cpp_pkg/add_two_ints_client_no_oop" to ""
-- Installing: /home/kaver06/ros2_ws/install/my_cpp_pkg/lib/my_cpp_pkg/add_two_ints_client
-- Set non-toolchain portion of runtime path of "/home/kaver06/ros2_ws/install/my_cpp_pkg/lib/my_cpp_pkg/add_two_ints_client" to ""
-- Installing: /home/kaver06/ros2_ws/install/my_cpp_pkg/lib/my_cpp_pkg/hw_status_publisher
-- Set non-toolchain portion of runtime path of "/home/kaver06/ros2_ws/install/my_cpp_pkg/lib/my_cpp_pkg/hw_status_publisher" to ""
-- Installing: /home/kaver06/ros2_ws/install/my_cpp_pkg/lib/my_cpp_pkg/number_publisher
-- Set non-toolchain portion of runtime path of "/home/kaver06/ros2_ws/install/my_cpp_pkg/lib/my_cpp_pkg/number_publisher" to ""
-- Installing: /home/kaver06/ros2_ws/install/my_cpp_pkg/share/ament_index/resource_index/package_run_dependencies/my_cpp_pkg
-- Installing: /home/kaver06/ros2_ws/install/my_cpp_pkg/share/ament_index/resource_index/parent_prefix_path/my_cpp_pkg
-- Installing: /home/kaver06/ros2_ws/install/my_cpp_pkg/share/my_cpp_pkg/environment/ament_prefix_path.sh
-- Installing: /home/kaver06/ros2_ws/install/my_cpp_pkg/share/my_cpp_pkg/environment/ament_prefix_path.dsv
-- Installing: /home/kaver06/ros2_ws/install/my_cpp_pkg/share/my_cpp_pkg/environment/path.sh
-- Installing: /home/kaver06/ros2_ws/install/my_cpp_pkg/share/my_cpp_pkg/environment/path.dsv
-- Installing: /home/kaver06/ros2_ws/install/my_cpp_pkg/share/my_cpp_pkg/local_setup.bash
-- Installing: /home/kaver06/ros2_ws/install/my_cpp_pkg/share/my_cpp_pkg/local_setup.sh
-- Installing: /home/kaver06/ros2_ws/install/my_cpp_pkg/share/my_cpp_pkg/local_setup.zsh
-- Installing: /home/kaver06/ros2_ws/install/my_cpp_pkg/share/my_cpp_pkg/local_setup.dsv
-- Installing: /home/kaver06/ros2_ws/install/my_cpp_pkg/share/my_cpp_pkg/package.dsv
-- Installing: /home/kaver06/ros2_ws/install/my_cpp_pkg/share/ament_index/resource_index/packages/my_cpp_pkg
-- Installing: /home/kaver06/ros2_ws/install/my_cpp_pkg/share/my_cpp_pkg/cmake/my_cpp_pkgConfig.cmake
-- Installing: /home/kaver06/ros2_ws/install/my_cpp_pkg/share/my_cpp_pkg/cmake/my_cpp_pkgConfig-version.cmake
-- Installing: /home/kaver06/ros2_ws/install/my_cpp_pkg/share/my_cpp_pkg/package.xml
