[0.039s] Invoking command in '/home/kaver06/ros2_ws/build/my_cpp_pkg': AMENT_PREFIX_PATH=/home/kaver06/ros2_ws/install/my_robot_interfaces:${AMENT_PREFIX_PATH} CMAKE_PREFIX_PATH=/home/kaver06/ros2_ws/install/my_robot_interfaces:/opt/ros/jazzy/opt/gz_math_vendor:/opt/ros/jazzy/opt/gz_utils_vendor:/opt/ros/jazzy/opt/gz_cmake_vendor:/opt/ros/jazzy DEBUGINFOD_URLS=https://debuginfod.ubuntu.com LD_LIBRARY_PATH=/home/kaver06/ros2_ws/install/my_robot_interfaces/lib:${LD_LIBRARY_PATH} PYTHONPATH=/home/kaver06/ros2_ws/install/my_robot_interfaces/lib/python3.12/site-packages:${PYTHONPATH} /usr/bin/cmake /home/kaver06/ros2_ws/src/my_cpp_pkg -DCMAKE_INSTALL_PREFIX=/home/kaver06/ros2_ws/install/my_cpp_pkg
[0.163s] -- The C compiler identification is GNU 13.3.0
[0.262s] -- The CXX compiler identification is GNU 13.3.0
[0.297s] -- Detecting C compiler ABI info
[0.549s] -- Detecting C compiler ABI info - done
[0.568s] -- Check for working C compiler: /usr/bin/cc - skipped
[0.570s] -- Detecting C compile features
[0.572s] -- Detecting C compile features - done
[0.599s] -- Detecting CXX compiler ABI info
[0.899s] -- Detecting CXX compiler ABI info - done
[0.900s] -- Check for working CXX compiler: /usr/bin/c++ - skipped
[0.901s] -- Detecting CXX compile features
[0.903s] -- Detecting CXX compile features - done
[0.907s] -- Found ament_cmake: 2.5.4 (/opt/ros/jazzy/share/ament_cmake/cmake)
[1.241s] -- Found Python3: /usr/bin/python3 (found version "3.12.3") found components: Interpreter 
[1.420s] -- Found rclcpp: 28.1.10 (/opt/ros/jazzy/share/rclcpp/cmake)
[1.478s] -- Found rosidl_generator_c: 4.6.5 (/opt/ros/jazzy/share/rosidl_generator_c/cmake)
[1.497s] -- Found rosidl_generator_cpp: 4.6.5 (/opt/ros/jazzy/share/rosidl_generator_cpp/cmake)
[1.522s] -- Using all available rosidl_typesupport_c: rosidl_typesupport_fastrtps_c;rosidl_typesupport_introspection_c
[1.557s] -- Using all available rosidl_typesupport_cpp: rosidl_typesupport_fastrtps_cpp;rosidl_typesupport_introspection_cpp
[1.665s] -- Found rmw_implementation_cmake: 7.3.2 (/opt/ros/jazzy/share/rmw_implementation_cmake/cmake)
[1.668s] -- Found rmw_fastrtps_cpp: 8.4.2 (/opt/ros/jazzy/share/rmw_fastrtps_cpp/cmake)
[1.875s] -- Found OpenSSL: /usr/lib/x86_64-linux-gnu/libcrypto.so (found version "3.0.13")  
[1.932s] -- Found FastRTPS: /opt/ros/jazzy/include (Required is at least version "2.13") 
[1.992s] -- Using RMW implementation 'rmw_fastrtps_cpp' as default
[2.110s] -- Found example_interfaces: 0.12.0 (/opt/ros/jazzy/share/example_interfaces/cmake)
[2.186s] -- Found my_robot_interfaces: 0.0.0 (/home/kaver06/ros2_ws/install/my_robot_interfaces/share/my_robot_interfaces/cmake)
[2.353s] -- Configuring done (2.3s)
[2.446s] -- Generating done (0.1s)
[2.455s] -- Build files have been written to: /home/kaver06/ros2_ws/build/my_cpp_pkg
[2.471s] Invoked command in '/home/kaver06/ros2_ws/build/my_cpp_pkg' returned '0': AMENT_PREFIX_PATH=/home/kaver06/ros2_ws/install/my_robot_interfaces:${AMENT_PREFIX_PATH} CMAKE_PREFIX_PATH=/home/kaver06/ros2_ws/install/my_robot_interfaces:/opt/ros/jazzy/opt/gz_math_vendor:/opt/ros/jazzy/opt/gz_utils_vendor:/opt/ros/jazzy/opt/gz_cmake_vendor:/opt/ros/jazzy DEBUGINFOD_URLS=https://debuginfod.ubuntu.com LD_LIBRARY_PATH=/home/kaver06/ros2_ws/install/my_robot_interfaces/lib:${LD_LIBRARY_PATH} PYTHONPATH=/home/kaver06/ros2_ws/install/my_robot_interfaces/lib/python3.12/site-packages:${PYTHONPATH} /usr/bin/cmake /home/kaver06/ros2_ws/src/my_cpp_pkg -DCMAKE_INSTALL_PREFIX=/home/kaver06/ros2_ws/install/my_cpp_pkg
[2.474s] Invoking command in '/home/kaver06/ros2_ws/build/my_cpp_pkg': AMENT_PREFIX_PATH=/home/kaver06/ros2_ws/install/my_robot_interfaces:${AMENT_PREFIX_PATH} CMAKE_PREFIX_PATH=/home/kaver06/ros2_ws/install/my_robot_interfaces:/opt/ros/jazzy/opt/gz_math_vendor:/opt/ros/jazzy/opt/gz_utils_vendor:/opt/ros/jazzy/opt/gz_cmake_vendor:/opt/ros/jazzy DEBUGINFOD_URLS=https://debuginfod.ubuntu.com LD_LIBRARY_PATH=/home/kaver06/ros2_ws/install/my_robot_interfaces/lib:${LD_LIBRARY_PATH} PYTHONPATH=/home/kaver06/ros2_ws/install/my_robot_interfaces/lib/python3.12/site-packages:${PYTHONPATH} /usr/bin/cmake --build /home/kaver06/ros2_ws/build/my_cpp_pkg -- -j4 -l4
[2.600s] [ 12%] [32mBuilding CXX object CMakeFiles/smartphone.dir/src/smartphone.cpp.o[0m
[2.603s] [ 12%] [32mBuilding CXX object CMakeFiles/cpp_node.dir/src/my_first_node.cpp.o[0m
[2.626s] [ 18%] [32mBuilding CXX object CMakeFiles/add_two_ints_server.dir/src/add_two_ints_server.cpp.o[0m
[2.635s] [ 25%] [32mBuilding CXX object CMakeFiles/robot_news_station.dir/src/robot_news_station.cpp.o[0m
[10.198s] [ 31%] [32m[1mLinking CXX executable cpp_node[0m
[10.441s] [ 31%] Built target cpp_node
[10.577s] [ 37%] [32mBuilding CXX object CMakeFiles/add_two_ints_client_no_oop.dir/src/add_two_ints_client_no_oop.cpp.o[0m
[10.770s] [ 43%] [32m[1mLinking CXX executable add_two_ints_server[0m
[11.186s] [ 43%] Built target add_two_ints_server
[11.240s] [ 50%] [32mBuilding CXX object CMakeFiles/add_two_ints_client.dir/src/add_two_ints_client.cpp.o[0m
[12.414s] [ 56%] [32m[1mLinking CXX executable robot_news_station[0m
[12.996s] [ 56%] Built target robot_news_station
[13.074s] [ 62%] [32mBuilding CXX object CMakeFiles/hw_status_publisher.dir/src/hardware_status_publisher.cpp.o[0m
[17.279s] [ 68%] [32m[1mLinking CXX executable add_two_ints_client[0m
[17.563s] [ 75%] [32m[1mLinking CXX executable add_two_ints_client_no_oop[0m
[17.570s] [ 81%] [32m[1mLinking CXX executable smartphone[0m
[17.620s] [ 81%] Built target add_two_ints_client
[17.693s] [ 87%] [32mBuilding CXX object CMakeFiles/number_publisher.dir/src/number_publisher.cpp.o[0m
[17.977s] [ 87%] Built target add_two_ints_client_no_oop
[18.186s] [ 87%] Built target smartphone
[20.304s] [ 93%] [32m[1mLinking CXX executable hw_status_publisher[0m
[20.534s] [ 93%] Built target hw_status_publisher
[23.067s] [100%] [32m[1mLinking CXX executable number_publisher[0m
[23.337s] [100%] Built target number_publisher
[23.360s] Invoked command in '/home/kaver06/ros2_ws/build/my_cpp_pkg' returned '0': AMENT_PREFIX_PATH=/home/kaver06/ros2_ws/install/my_robot_interfaces:${AMENT_PREFIX_PATH} CMAKE_PREFIX_PATH=/home/kaver06/ros2_ws/install/my_robot_interfaces:/opt/ros/jazzy/opt/gz_math_vendor:/opt/ros/jazzy/opt/gz_utils_vendor:/opt/ros/jazzy/opt/gz_cmake_vendor:/opt/ros/jazzy DEBUGINFOD_URLS=https://debuginfod.ubuntu.com LD_LIBRARY_PATH=/home/kaver06/ros2_ws/install/my_robot_interfaces/lib:${LD_LIBRARY_PATH} PYTHONPATH=/home/kaver06/ros2_ws/install/my_robot_interfaces/lib/python3.12/site-packages:${PYTHONPATH} /usr/bin/cmake --build /home/kaver06/ros2_ws/build/my_cpp_pkg -- -j4 -l4
[23.365s] Invoking command in '/home/kaver06/ros2_ws/build/my_cpp_pkg': AMENT_PREFIX_PATH=/home/kaver06/ros2_ws/install/my_robot_interfaces:${AMENT_PREFIX_PATH} CMAKE_PREFIX_PATH=/home/kaver06/ros2_ws/install/my_robot_interfaces:/opt/ros/jazzy/opt/gz_math_vendor:/opt/ros/jazzy/opt/gz_utils_vendor:/opt/ros/jazzy/opt/gz_cmake_vendor:/opt/ros/jazzy DEBUGINFOD_URLS=https://debuginfod.ubuntu.com LD_LIBRARY_PATH=/home/kaver06/ros2_ws/install/my_robot_interfaces/lib:${LD_LIBRARY_PATH} PYTHONPATH=/home/kaver06/ros2_ws/install/my_robot_interfaces/lib/python3.12/site-packages:${PYTHONPATH} /usr/bin/cmake --install /home/kaver06/ros2_ws/build/my_cpp_pkg
[23.388s] -- Install configuration: ""
[23.389s] -- Installing: /home/kaver06/ros2_ws/install/my_cpp_pkg/lib/my_cpp_pkg/cpp_node
[23.389s] -- Set non-toolchain portion of runtime path of "/home/kaver06/ros2_ws/install/my_cpp_pkg/lib/my_cpp_pkg/cpp_node" to ""
[23.389s] -- Installing: /home/kaver06/ros2_ws/install/my_cpp_pkg/lib/my_cpp_pkg/robot_news_station
[23.389s] -- Set non-toolchain portion of runtime path of "/home/kaver06/ros2_ws/install/my_cpp_pkg/lib/my_cpp_pkg/robot_news_station" to ""
[23.389s] -- Installing: /home/kaver06/ros2_ws/install/my_cpp_pkg/lib/my_cpp_pkg/smartphone
[23.389s] -- Set non-toolchain portion of runtime path of "/home/kaver06/ros2_ws/install/my_cpp_pkg/lib/my_cpp_pkg/smartphone" to ""
[23.390s] -- Installing: /home/kaver06/ros2_ws/install/my_cpp_pkg/lib/my_cpp_pkg/add_two_ints_server
[23.391s] -- Set non-toolchain portion of runtime path of "/home/kaver06/ros2_ws/install/my_cpp_pkg/lib/my_cpp_pkg/add_two_ints_server" to ""
[23.391s] -- Installing: /home/kaver06/ros2_ws/install/my_cpp_pkg/lib/my_cpp_pkg/add_two_ints_client_no_oop
[23.393s] -- Set non-toolchain portion of runtime path of "/home/kaver06/ros2_ws/install/my_cpp_pkg/lib/my_cpp_pkg/add_two_ints_client_no_oop" to ""
[23.393s] -- Installing: /home/kaver06/ros2_ws/install/my_cpp_pkg/lib/my_cpp_pkg/add_two_ints_client
[23.394s] -- Set non-toolchain portion of runtime path of "/home/kaver06/ros2_ws/install/my_cpp_pkg/lib/my_cpp_pkg/add_two_ints_client" to ""
[23.394s] -- Installing: /home/kaver06/ros2_ws/install/my_cpp_pkg/lib/my_cpp_pkg/hw_status_publisher
[23.396s] -- Set non-toolchain portion of runtime path of "/home/kaver06/ros2_ws/install/my_cpp_pkg/lib/my_cpp_pkg/hw_status_publisher" to ""
[23.396s] -- Installing: /home/kaver06/ros2_ws/install/my_cpp_pkg/lib/my_cpp_pkg/number_publisher
[23.398s] -- Set non-toolchain portion of runtime path of "/home/kaver06/ros2_ws/install/my_cpp_pkg/lib/my_cpp_pkg/number_publisher" to ""
[23.398s] -- Installing: /home/kaver06/ros2_ws/install/my_cpp_pkg/share/ament_index/resource_index/package_run_dependencies/my_cpp_pkg
[23.398s] -- Installing: /home/kaver06/ros2_ws/install/my_cpp_pkg/share/ament_index/resource_index/parent_prefix_path/my_cpp_pkg
[23.398s] -- Installing: /home/kaver06/ros2_ws/install/my_cpp_pkg/share/my_cpp_pkg/environment/ament_prefix_path.sh
[23.398s] -- Installing: /home/kaver06/ros2_ws/install/my_cpp_pkg/share/my_cpp_pkg/environment/ament_prefix_path.dsv
[23.399s] -- Installing: /home/kaver06/ros2_ws/install/my_cpp_pkg/share/my_cpp_pkg/environment/path.sh
[23.399s] -- Installing: /home/kaver06/ros2_ws/install/my_cpp_pkg/share/my_cpp_pkg/environment/path.dsv
[23.399s] -- Installing: /home/kaver06/ros2_ws/install/my_cpp_pkg/share/my_cpp_pkg/local_setup.bash
[23.399s] -- Installing: /home/kaver06/ros2_ws/install/my_cpp_pkg/share/my_cpp_pkg/local_setup.sh
[23.399s] -- Installing: /home/kaver06/ros2_ws/install/my_cpp_pkg/share/my_cpp_pkg/local_setup.zsh
[23.399s] -- Installing: /home/kaver06/ros2_ws/install/my_cpp_pkg/share/my_cpp_pkg/local_setup.dsv
[23.399s] -- Installing: /home/kaver06/ros2_ws/install/my_cpp_pkg/share/my_cpp_pkg/package.dsv
[23.400s] -- Installing: /home/kaver06/ros2_ws/install/my_cpp_pkg/share/ament_index/resource_index/packages/my_cpp_pkg
[23.400s] -- Installing: /home/kaver06/ros2_ws/install/my_cpp_pkg/share/my_cpp_pkg/cmake/my_cpp_pkgConfig.cmake
[23.400s] -- Installing: /home/kaver06/ros2_ws/install/my_cpp_pkg/share/my_cpp_pkg/cmake/my_cpp_pkgConfig-version.cmake
[23.401s] -- Installing: /home/kaver06/ros2_ws/install/my_cpp_pkg/share/my_cpp_pkg/package.xml
[23.406s] Invoked command in '/home/kaver06/ros2_ws/build/my_cpp_pkg' returned '0': AMENT_PREFIX_PATH=/home/kaver06/ros2_ws/install/my_robot_interfaces:${AMENT_PREFIX_PATH} CMAKE_PREFIX_PATH=/home/kaver06/ros2_ws/install/my_robot_interfaces:/opt/ros/jazzy/opt/gz_math_vendor:/opt/ros/jazzy/opt/gz_utils_vendor:/opt/ros/jazzy/opt/gz_cmake_vendor:/opt/ros/jazzy DEBUGINFOD_URLS=https://debuginfod.ubuntu.com LD_LIBRARY_PATH=/home/kaver06/ros2_ws/install/my_robot_interfaces/lib:${LD_LIBRARY_PATH} PYTHONPATH=/home/kaver06/ros2_ws/install/my_robot_interfaces/lib/python3.12/site-packages:${PYTHONPATH} /usr/bin/cmake --install /home/kaver06/ros2_ws/build/my_cpp_pkg
