[1.506s] Invoking command in '/home/kaver06/ros2_ws/src/my_py_pkg': AMENT_PREFIX_PATH=/home/kaver06/ros2_ws/install/my_robot_interfaces:${AMENT_PREFIX_PATH} CMAKE_PREFIX_PATH=/home/kaver06/ros2_ws/install/my_robot_interfaces:${CMAKE_PREFIX_PATH} DEBUGINFOD_URLS=https://debuginfod.ubuntu.com LD_LIBRARY_PATH=/home/kaver06/ros2_ws/install/my_robot_interfaces/lib:${LD_LIBRARY_PATH} PYTHONPATH=/home/kaver06/ros2_ws/build/my_py_pkg/prefix_override:/usr/lib/python3/dist-packages/colcon_core/task/python/colcon_distutils_commands:/home/kaver06/ros2_ws/install/my_py_pkg/lib/python3.12/site-packages:/home/kaver06/ros2_ws/install/my_robot_interfaces/lib/python3.12/site-packages:${PYTHONPATH} /usr/bin/python3 -W ignore:setup.py install is deprecated -W ignore:easy_install command is deprecated setup.py egg_info --egg-base ../../build/my_py_pkg build --build-base /home/kaver06/ros2_ws/build/my_py_pkg/build install --record /home/kaver06/ros2_ws/build/my_py_pkg/install.log --single-version-externally-managed install_data
[1.971s] running egg_info
[1.973s] creating ../../build/my_py_pkg/my_py_pkg.egg-info
[2.000s] writing ../../build/my_py_pkg/my_py_pkg.egg-info/PKG-INFO
[2.001s] writing dependency_links to ../../build/my_py_pkg/my_py_pkg.egg-info/dependency_links.txt
[2.001s] writing entry points to ../../build/my_py_pkg/my_py_pkg.egg-info/entry_points.txt
[2.002s] writing requirements to ../../build/my_py_pkg/my_py_pkg.egg-info/requires.txt
[2.002s] writing top-level names to ../../build/my_py_pkg/my_py_pkg.egg-info/top_level.txt
[2.010s] writing manifest file '../../build/my_py_pkg/my_py_pkg.egg-info/SOURCES.txt'
[2.048s] reading manifest file '../../build/my_py_pkg/my_py_pkg.egg-info/SOURCES.txt'
[2.049s] writing manifest file '../../build/my_py_pkg/my_py_pkg.egg-info/SOURCES.txt'
[2.049s] running build
[2.050s] running build_py
[2.051s] creating /home/kaver06/ros2_ws/build/my_py_pkg/build
[2.051s] creating /home/kaver06/ros2_ws/build/my_py_pkg/build/lib
[2.051s] creating /home/kaver06/ros2_ws/build/my_py_pkg/build/lib/my_py_pkg
[2.051s] copying my_py_pkg/my_first_node.py -> /home/kaver06/ros2_ws/build/my_py_pkg/build/lib/my_py_pkg
[2.054s] copying my_py_pkg/robot_news_station.py -> /home/kaver06/ros2_ws/build/my_py_pkg/build/lib/my_py_pkg
[2.055s] copying my_py_pkg/__init__.py -> /home/kaver06/ros2_ws/build/my_py_pkg/build/lib/my_py_pkg
[2.055s] copying my_py_pkg/hardware_status_publisher.py -> /home/kaver06/ros2_ws/build/my_py_pkg/build/lib/my_py_pkg
[2.056s] copying my_py_pkg/py_node_template.py -> /home/kaver06/ros2_ws/build/my_py_pkg/build/lib/my_py_pkg
[2.057s] copying my_py_pkg/battery.py -> /home/kaver06/ros2_ws/build/my_py_pkg/build/lib/my_py_pkg
[2.057s] copying my_py_pkg/led_panel.py -> /home/kaver06/ros2_ws/build/my_py_pkg/build/lib/my_py_pkg
[2.058s] copying my_py_pkg/add_two_ints_client.py -> /home/kaver06/ros2_ws/build/my_py_pkg/build/lib/my_py_pkg
[2.062s] copying my_py_pkg/smartphone.py -> /home/kaver06/ros2_ws/build/my_py_pkg/build/lib/my_py_pkg
[2.063s] copying my_py_pkg/add_two_ints_server.py -> /home/kaver06/ros2_ws/build/my_py_pkg/build/lib/my_py_pkg
[2.063s] copying my_py_pkg/add_two_ints_client_no_oop.py -> /home/kaver06/ros2_ws/build/my_py_pkg/build/lib/my_py_pkg
[2.063s] copying my_py_pkg/number_publisher.py -> /home/kaver06/ros2_ws/build/my_py_pkg/build/lib/my_py_pkg
[2.063s] copying my_py_pkg/number_counter.py -> /home/kaver06/ros2_ws/build/my_py_pkg/build/lib/my_py_pkg
[2.068s] running install
[2.088s] running install_lib
[2.109s] creating /home/kaver06/ros2_ws/install/my_py_pkg/lib/python3.12/site-packages/my_py_pkg
[2.109s] copying /home/kaver06/ros2_ws/build/my_py_pkg/build/lib/my_py_pkg/my_first_node.py -> /home/kaver06/ros2_ws/install/my_py_pkg/lib/python3.12/site-packages/my_py_pkg
[2.110s] copying /home/kaver06/ros2_ws/build/my_py_pkg/build/lib/my_py_pkg/robot_news_station.py -> /home/kaver06/ros2_ws/install/my_py_pkg/lib/python3.12/site-packages/my_py_pkg
[2.110s] copying /home/kaver06/ros2_ws/build/my_py_pkg/build/lib/my_py_pkg/__init__.py -> /home/kaver06/ros2_ws/install/my_py_pkg/lib/python3.12/site-packages/my_py_pkg
[2.111s] copying /home/kaver06/ros2_ws/build/my_py_pkg/build/lib/my_py_pkg/hardware_status_publisher.py -> /home/kaver06/ros2_ws/install/my_py_pkg/lib/python3.12/site-packages/my_py_pkg
[2.111s] copying /home/kaver06/ros2_ws/build/my_py_pkg/build/lib/my_py_pkg/py_node_template.py -> /home/kaver06/ros2_ws/install/my_py_pkg/lib/python3.12/site-packages/my_py_pkg
[2.111s] copying /home/kaver06/ros2_ws/build/my_py_pkg/build/lib/my_py_pkg/battery.py -> /home/kaver06/ros2_ws/install/my_py_pkg/lib/python3.12/site-packages/my_py_pkg
[2.111s] copying /home/kaver06/ros2_ws/build/my_py_pkg/build/lib/my_py_pkg/led_panel.py -> /home/kaver06/ros2_ws/install/my_py_pkg/lib/python3.12/site-packages/my_py_pkg
[2.112s] copying /home/kaver06/ros2_ws/build/my_py_pkg/build/lib/my_py_pkg/add_two_ints_client.py -> /home/kaver06/ros2_ws/install/my_py_pkg/lib/python3.12/site-packages/my_py_pkg
[2.112s] copying /home/kaver06/ros2_ws/build/my_py_pkg/build/lib/my_py_pkg/smartphone.py -> /home/kaver06/ros2_ws/install/my_py_pkg/lib/python3.12/site-packages/my_py_pkg
[2.112s] copying /home/kaver06/ros2_ws/build/my_py_pkg/build/lib/my_py_pkg/add_two_ints_server.py -> /home/kaver06/ros2_ws/install/my_py_pkg/lib/python3.12/site-packages/my_py_pkg
[2.113s] copying /home/kaver06/ros2_ws/build/my_py_pkg/build/lib/my_py_pkg/add_two_ints_client_no_oop.py -> /home/kaver06/ros2_ws/install/my_py_pkg/lib/python3.12/site-packages/my_py_pkg
[2.113s] copying /home/kaver06/ros2_ws/build/my_py_pkg/build/lib/my_py_pkg/number_publisher.py -> /home/kaver06/ros2_ws/install/my_py_pkg/lib/python3.12/site-packages/my_py_pkg
[2.113s] copying /home/kaver06/ros2_ws/build/my_py_pkg/build/lib/my_py_pkg/number_counter.py -> /home/kaver06/ros2_ws/install/my_py_pkg/lib/python3.12/site-packages/my_py_pkg
[2.114s] byte-compiling /home/kaver06/ros2_ws/install/my_py_pkg/lib/python3.12/site-packages/my_py_pkg/my_first_node.py to my_first_node.cpython-312.pyc
[2.115s] byte-compiling /home/kaver06/ros2_ws/install/my_py_pkg/lib/python3.12/site-packages/my_py_pkg/robot_news_station.py to robot_news_station.cpython-312.pyc
[2.116s] byte-compiling /home/kaver06/ros2_ws/install/my_py_pkg/lib/python3.12/site-packages/my_py_pkg/__init__.py to __init__.cpython-312.pyc
[2.117s] byte-compiling /home/kaver06/ros2_ws/install/my_py_pkg/lib/python3.12/site-packages/my_py_pkg/hardware_status_publisher.py to hardware_status_publisher.cpython-312.pyc
[2.118s] byte-compiling /home/kaver06/ros2_ws/install/my_py_pkg/lib/python3.12/site-packages/my_py_pkg/py_node_template.py to py_node_template.cpython-312.pyc
[2.118s] byte-compiling /home/kaver06/ros2_ws/install/my_py_pkg/lib/python3.12/site-packages/my_py_pkg/battery.py to battery.cpython-312.pyc
[2.120s] byte-compiling /home/kaver06/ros2_ws/install/my_py_pkg/lib/python3.12/site-packages/my_py_pkg/led_panel.py to led_panel.cpython-312.pyc
[2.121s] byte-compiling /home/kaver06/ros2_ws/install/my_py_pkg/lib/python3.12/site-packages/my_py_pkg/add_two_ints_client.py to add_two_ints_client.cpython-312.pyc
[2.122s] byte-compiling /home/kaver06/ros2_ws/install/my_py_pkg/lib/python3.12/site-packages/my_py_pkg/smartphone.py to smartphone.cpython-312.pyc
[2.123s] byte-compiling /home/kaver06/ros2_ws/install/my_py_pkg/lib/python3.12/site-packages/my_py_pkg/add_two_ints_server.py to add_two_ints_server.cpython-312.pyc
[2.124s] byte-compiling /home/kaver06/ros2_ws/install/my_py_pkg/lib/python3.12/site-packages/my_py_pkg/add_two_ints_client_no_oop.py to add_two_ints_client_no_oop.cpython-312.pyc
[2.125s] byte-compiling /home/kaver06/ros2_ws/install/my_py_pkg/lib/python3.12/site-packages/my_py_pkg/number_publisher.py to number_publisher.cpython-312.pyc
[2.126s] byte-compiling /home/kaver06/ros2_ws/install/my_py_pkg/lib/python3.12/site-packages/my_py_pkg/number_counter.py to number_counter.cpython-312.pyc
[2.127s] running install_data
[2.127s] creating /home/kaver06/ros2_ws/install/my_py_pkg/share/ament_index
[2.127s] creating /home/kaver06/ros2_ws/install/my_py_pkg/share/ament_index/resource_index
[2.128s] creating /home/kaver06/ros2_ws/install/my_py_pkg/share/ament_index/resource_index/packages
[2.128s] copying resource/my_py_pkg -> /home/kaver06/ros2_ws/install/my_py_pkg/share/ament_index/resource_index/packages
[2.128s] copying package.xml -> /home/kaver06/ros2_ws/install/my_py_pkg/share/my_py_pkg
[2.128s] running install_egg_info
[2.155s] Copying ../../build/my_py_pkg/my_py_pkg.egg-info to /home/kaver06/ros2_ws/install/my_py_pkg/lib/python3.12/site-packages/my_py_pkg-0.0.0-py3.12.egg-info
[2.157s] running install_scripts
[2.334s] Installing add_two_ints_client script to /home/kaver06/ros2_ws/install/my_py_pkg/lib/my_py_pkg
[2.334s] Installing add_two_ints_client_no_oop script to /home/kaver06/ros2_ws/install/my_py_pkg/lib/my_py_pkg
[2.335s] Installing add_two_ints_server script to /home/kaver06/ros2_ws/install/my_py_pkg/lib/my_py_pkg
[2.335s] Installing battery script to /home/kaver06/ros2_ws/install/my_py_pkg/lib/my_py_pkg
[2.336s] Installing hw_status_publisher script to /home/kaver06/ros2_ws/install/my_py_pkg/lib/my_py_pkg
[2.337s] Installing led_panel script to /home/kaver06/ros2_ws/install/my_py_pkg/lib/my_py_pkg
[2.337s] Installing number_counter script to /home/kaver06/ros2_ws/install/my_py_pkg/lib/my_py_pkg
[2.337s] Installing number_publisher script to /home/kaver06/ros2_ws/install/my_py_pkg/lib/my_py_pkg
[2.337s] Installing py_node script to /home/kaver06/ros2_ws/install/my_py_pkg/lib/my_py_pkg
[2.337s] Installing robot_news_station script to /home/kaver06/ros2_ws/install/my_py_pkg/lib/my_py_pkg
[2.337s] Installing smartphone script to /home/kaver06/ros2_ws/install/my_py_pkg/lib/my_py_pkg
[2.338s] writing list of installed files to '/home/kaver06/ros2_ws/build/my_py_pkg/install.log'
[2.389s] Invoked command in '/home/kaver06/ros2_ws/src/my_py_pkg' returned '0': AMENT_PREFIX_PATH=/home/kaver06/ros2_ws/install/my_robot_interfaces:${AMENT_PREFIX_PATH} CMAKE_PREFIX_PATH=/home/kaver06/ros2_ws/install/my_robot_interfaces:${CMAKE_PREFIX_PATH} DEBUGINFOD_URLS=https://debuginfod.ubuntu.com LD_LIBRARY_PATH=/home/kaver06/ros2_ws/install/my_robot_interfaces/lib:${LD_LIBRARY_PATH} PYTHONPATH=/home/kaver06/ros2_ws/build/my_py_pkg/prefix_override:/usr/lib/python3/dist-packages/colcon_core/task/python/colcon_distutils_commands:/home/kaver06/ros2_ws/install/my_py_pkg/lib/python3.12/site-packages:/home/kaver06/ros2_ws/install/my_robot_interfaces/lib/python3.12/site-packages:${PYTHONPATH} /usr/bin/python3 -W ignore:setup.py install is deprecated -W ignore:easy_install command is deprecated setup.py egg_info --egg-base ../../build/my_py_pkg build --build-base /home/kaver06/ros2_ws/build/my_py_pkg/build install --record /home/kaver06/ros2_ws/build/my_py_pkg/install.log --single-version-externally-managed install_data
