[2.528s] Invoking command in '/home/kaver06/ros2_ws/src/projects': DEBUGINFOD_URLS=https://debuginfod.ubuntu.com PYTHONPATH=/home/kaver06/ros2_ws/build/projects/prefix_override:/usr/lib/python3/dist-packages/colcon_core/task/python/colcon_distutils_commands:/home/kaver06/ros2_ws/install/projects/lib/python3.12/site-packages:${PYTHONPATH} /usr/bin/python3 -W ignore:setup.py install is deprecated -W ignore:easy_install command is deprecated setup.py egg_info --egg-base ../../build/projects build --build-base /home/kaver06/ros2_ws/build/projects/build install --record /home/kaver06/ros2_ws/build/projects/install.log --single-version-externally-managed install_data
[3.037s] running egg_info
[3.048s] creating ../../build/projects/projects.egg-info
[3.104s] writing ../../build/projects/projects.egg-info/PKG-INFO
[3.105s] writing dependency_links to ../../build/projects/projects.egg-info/dependency_links.txt
[3.105s] writing entry points to ../../build/projects/projects.egg-info/entry_points.txt
[3.105s] writing requirements to ../../build/projects/projects.egg-info/requires.txt
[3.105s] writing top-level names to ../../build/projects/projects.egg-info/top_level.txt
[3.105s] writing manifest file '../../build/projects/projects.egg-info/SOURCES.txt'
[3.145s] reading manifest file '../../build/projects/projects.egg-info/SOURCES.txt'
[3.153s] writing manifest file '../../build/projects/projects.egg-info/SOURCES.txt'
[3.155s] running build
[3.155s] running build_py
[3.156s] creating /home/kaver06/ros2_ws/build/projects/build
[3.156s] creating /home/kaver06/ros2_ws/build/projects/build/lib
[3.156s] creating /home/kaver06/ros2_ws/build/projects/build/lib/projects
[3.156s] copying projects/__init__.py -> /home/kaver06/ros2_ws/build/projects/build/lib/projects
[3.156s] copying projects/blue_teleop_car.py -> /home/kaver06/ros2_ws/build/projects/build/lib/projects
[3.156s] running install
[3.171s] running install_lib
[3.204s] creating /home/kaver06/ros2_ws/install/projects/lib/python3.12/site-packages/projects
[3.204s] copying /home/kaver06/ros2_ws/build/projects/build/lib/projects/__init__.py -> /home/kaver06/ros2_ws/install/projects/lib/python3.12/site-packages/projects
[3.204s] copying /home/kaver06/ros2_ws/build/projects/build/lib/projects/blue_teleop_car.py -> /home/kaver06/ros2_ws/install/projects/lib/python3.12/site-packages/projects
[3.206s] byte-compiling /home/kaver06/ros2_ws/install/projects/lib/python3.12/site-packages/projects/__init__.py to __init__.cpython-312.pyc
[3.206s] byte-compiling /home/kaver06/ros2_ws/install/projects/lib/python3.12/site-packages/projects/blue_teleop_car.py to blue_teleop_car.cpython-312.pyc
[3.208s] running install_data
[3.209s] creating /home/kaver06/ros2_ws/install/projects/share/ament_index
[3.211s] creating /home/kaver06/ros2_ws/install/projects/share/ament_index/resource_index
[3.211s] creating /home/kaver06/ros2_ws/install/projects/share/ament_index/resource_index/packages
[3.211s] copying resource/projects -> /home/kaver06/ros2_ws/install/projects/share/ament_index/resource_index/packages
[3.211s] copying package.xml -> /home/kaver06/ros2_ws/install/projects/share/projects
[3.211s] running install_egg_info
[3.248s] Copying ../../build/projects/projects.egg-info to /home/kaver06/ros2_ws/install/projects/lib/python3.12/site-packages/projects-0.0.0-py3.12.egg-info
[3.249s] running install_scripts
[3.493s] Installing blue_teleop_car script to /home/kaver06/ros2_ws/install/projects/lib/projects
[3.495s] writing list of installed files to '/home/kaver06/ros2_ws/build/projects/install.log'
[3.560s] Invoked command in '/home/kaver06/ros2_ws/src/projects' returned '0': DEBUGINFOD_URLS=https://debuginfod.ubuntu.com PYTHONPATH=/home/kaver06/ros2_ws/build/projects/prefix_override:/usr/lib/python3/dist-packages/colcon_core/task/python/colcon_distutils_commands:/home/kaver06/ros2_ws/install/projects/lib/python3.12/site-packages:${PYTHONPATH} /usr/bin/python3 -W ignore:setup.py install is deprecated -W ignore:easy_install command is deprecated setup.py egg_info --egg-base ../../build/projects build --build-base /home/kaver06/ros2_ws/build/projects/build install --record /home/kaver06/ros2_ws/build/projects/install.log --single-version-externally-managed install_data
